{"total": {"lines":{"total":929,"covered":878,"skipped":0,"pct":94.51},"statements":{"total":953,"covered":897,"skipped":0,"pct":94.12},"functions":{"total":262,"covered":253,"skipped":0,"pct":96.56},"branches":{"total":651,"covered":525,"skipped":0,"pct":80.64},"branchesTrue":{"total":0,"covered":0,"skipped":0,"pct":100}}
,"C:\\Users\\Lawrence\\Desktop\\Checklist\\Front-end\\src\\App.jsx": {"lines":{"total":14,"covered":14,"skipped":0,"pct":100},"functions":{"total":7,"covered":7,"skipped":0,"pct":100},"statements":{"total":14,"covered":14,"skipped":0,"pct":100},"branches":{"total":12,"covered":12,"skipped":0,"pct":100}}
,"C:\\Users\\Lawrence\\Desktop\\Checklist\\Front-end\\src\\components\\AdminPage.jsx": {"lines":{"total":323,"covered":295,"skipped":0,"pct":91.33},"functions":{"total":82,"covered":77,"skipped":0,"pct":93.9},"statements":{"total":336,"covered":305,"skipped":0,"pct":90.77},"branches":{"total":223,"covered":165,"skipped":0,"pct":73.99}}
,"C:\\Users\\Lawrence\\Desktop\\Checklist\\Front-end\\src\\components\\AdminPageSections.jsx": {"lines":{"total":45,"covered":45,"skipped":0,"pct":100},"functions":{"total":25,"covered":25,"skipped":0,"pct":100},"statements":{"total":45,"covered":45,"skipped":0,"pct":100},"branches":{"total":87,"covered":72,"skipped":0,"pct":82.75}}
,"C:\\Users\\Lawrence\\Desktop\\Checklist\\Front-end\\src\\components\\Callback.jsx": {"lines":{"total":41,"covered":39,"skipped":0,"pct":95.12},"functions":{"total":5,"covered":5,"skipped":0,"pct":100},"statements":{"total":43,"covered":41,"skipped":0,"pct":95.34},"branches":{"total":14,"covered":13,"skipped":0,"pct":92.85}}
,"C:\\Users\\Lawrence\\Desktop\\Checklist\\Front-end\\src\\components\\Dashboard.jsx": {"lines":{"total":428,"covered":408,"skipped":0,"pct":95.32},"functions":{"total":123,"covered":119,"skipped":0,"pct":96.74},"statements":{"total":434,"covered":412,"skipped":0,"pct":94.93},"branches":{"total":259,"covered":210,"skipped":0,"pct":81.08}}
,"C:\\Users\\Lawrence\\Desktop\\Checklist\\Front-end\\src\\components\\Login.jsx": {"lines":{"total":6,"covered":6,"skipped":0,"pct":100},"functions":{"total":2,"covered":2,"skipped":0,"pct":100},"statements":{"total":6,"covered":6,"skipped":0,"pct":100},"branches":{"total":0,"covered":0,"skipped":0,"pct":100}}
,"C:\\Users\\Lawrence\\Desktop\\Checklist\\Front-end\\src\\components\\dashboardHelpers.js": {"lines":{"total":68,"covered":67,"skipped":0,"pct":98.52},"functions":{"total":17,"covered":17,"skipped":0,"pct":100},"statements":{"total":71,"covered":70,"skipped":0,"pct":98.59},"branches":{"total":56,"covered":53,"skipped":0,"pct":94.64}}
,"C:\\Users\\Lawrence\\Desktop\\Checklist\\Front-end\\src\\services\\api.js": {"lines":{"total":4,"covered":4,"skipped":0,"pct":100},"functions":{"total":1,"covered":1,"skipped":0,"pct":100},"statements":{"total":4,"covered":4,"skipped":0,"pct":100},"branches":{"total":0,"covered":0,"skipped":0,"pct":100}}
}
