{"C:\\Users\\Lawrence\\Desktop\\Checklist\\Front-end\\src\\App.jsx": {"path":"C:\\Users\\Lawrence\\Desktop\\Checklist\\Front-end\\src\\App.jsx","statementMap":{"0":{"start":{"line":14,"column":16},"end":{"line":14,"column":52}},"1":{"start":{"line":15,"column":2},"end":{"line":16,"column":null}},"2":{"start":{"line":16,"column":4},"end":{"line":16,"column":null}},"3":{"start":{"line":18,"column":2},"end":{"line":18,"column":null}},"4":{"start":{"line":22,"column":16},"end":{"line":22,"column":52}},"5":{"start":{"line":23,"column":2},"end":{"line":24,"column":null}},"6":{"start":{"line":24,"column":4},"end":{"line":24,"column":null}},"7":{"start":{"line":26,"column":2},"end":{"line":26,"column":null}},"8":{"start":{"line":30,"column":18},"end":{"line":30,"column":46}},"9":{"start":{"line":31,"column":21},"end":{"line":31,"column":53}},"10":{"start":{"line":33,"column":2},"end":{"line":37,"column":null}},"11":{"start":{"line":34,"column":18},"end":{"line":34,"column":54}},"12":{"start":{"line":35,"column":4},"end":{"line":35,"column":null}},"13":{"start":{"line":36,"column":4},"end":{"line":36,"column":null}},"14":{"start":{"line":39,"column":2},"end":{"line":40,"column":null}},"15":{"start":{"line":40,"column":4},"end":{"line":40,"column":null}},"16":{"start":{"line":43,"column":2},"end":{"line":79,"column":null}},"17":{"start":{"line":50,"column":36},"end":{"line":50,"column":55}},"18":{"start":{"line":61,"column":41},"end":{"line":61,"column":61}},"19":{"start":{"line":83,"column":15},"end":{"line":92,"column":null}}},"fnMap":{"0":{"name":"ProtectedRoute","decl":{"start":{"line":13,"column":9},"end":{"line":13,"column":24}},"loc":{"start":{"line":13,"column":38},"end":{"line":18,"column":null}},"line":13},"1":{"name":"PublicRoute","decl":{"start":{"line":21,"column":9},"end":{"line":21,"column":21}},"loc":{"start":{"line":21,"column":35},"end":{"line":26,"column":null}},"line":21},"2":{"name":"App","decl":{"start":{"line":29,"column":9},"end":{"line":29,"column":15}},"loc":{"start":{"line":29,"column":15},"end":{"line":79,"column":null}},"line":29},"3":{"name":"(anonymous_3)","decl":{"start":{"line":33,"column":2},"end":{"line":33,"column":18}},"loc":{"start":{"line":33,"column":18},"end":{"line":37,"column":7}},"line":33},"4":{"name":"(anonymous_4)","decl":{"start":{"line":50,"column":21},"end":{"line":50,"column":36}},"loc":{"start":{"line":50,"column":36},"end":{"line":50,"column":55}},"line":50},"5":{"name":"(anonymous_5)","decl":{"start":{"line":61,"column":25},"end":{"line":61,"column":41}},"loc":{"start":{"line":61,"column":41},"end":{"line":61,"column":61}},"line":61}},"branchMap":{"0":{"loc":{"start":{"line":15,"column":2},"end":{"line":16,"column":null}},"type":"if","locations":[{"start":{"line":15,"column":2},"end":{"line":16,"column":null}},{"start":{},"end":{}}],"line":15},"1":{"loc":{"start":{"line":23,"column":2},"end":{"line":24,"column":null}},"type":"if","locations":[{"start":{"line":23,"column":2},"end":{"line":24,"column":null}},{"start":{},"end":{}}],"line":23},"2":{"loc":{"start":{"line":39,"column":2},"end":{"line":40,"column":null}},"type":"if","locations":[{"start":{"line":39,"column":2},"end":{"line":40,"column":null}},{"start":{},"end":{}}],"line":39},"3":{"loc":{"start":{"line":69,"column":12},"end":{"line":72,"column":null}},"type":"cond-expr","locations":[{"start":{"line":70,"column":14},"end":{"line":72,"column":15}},{"start":{"line":72,"column":14},"end":{"line":72,"column":null}}],"line":69}},"s":{"0":6,"1":6,"2":2,"3":4,"4":8,"5":8,"6":2,"7":6,"8":20,"9":20,"10":20,"11":9,"12":9,"13":9,"14":20,"15":9,"16":11,"17":1,"18":1,"19":1},"f":{"0":6,"1":8,"2":20,"3":9,"4":1,"5":1},"b":{"0":[2,4],"1":[2,6],"2":[9,11],"3":[4,7]},"meta":{"lastBranch":4,"lastFunction":6,"lastStatement":20,"seen":{"f:13:9:13:24":0,"s:14:16:14:52":0,"b:15:2:16:Infinity:undefined:undefined:undefined:undefined":0,"s:15:2:16:Infinity":1,"s:16:4:16:Infinity":2,"s:18:2:18:Infinity":3,"f:21:9:21:21":1,"s:22:16:22:52":4,"b:23:2:24:Infinity:undefined:undefined:undefined:undefined":1,"s:23:2:24:Infinity":5,"s:24:4:24:Infinity":6,"s:26:2:26:Infinity":7,"f:29:9:29:15":2,"s:30:18:30:46":8,"s:31:21:31:53":9,"s:33:2:37:Infinity":10,"f:33:2:33:18":3,"s:34:18:34:54":11,"s:35:4:35:Infinity":12,"s:36:4:36:Infinity":13,"b:39:2:40:Infinity:undefined:undefined:undefined:undefined":2,"s:39:2:40:Infinity":14,"s:40:4:40:Infinity":15,"s:43:2:79:Infinity":16,"f:50:21:50:36":4,"s:50:36:50:55":17,"f:61:25:61:41":5,"s:61:41:61:61":18,"b:70:14:72:15:72:14:72:Infinity":3,"s:83:15:92:Infinity":19}}}
,"C:\\Users\\Lawrence\\Desktop\\Checklist\\Front-end\\src\\components\\Callback.jsx": {"path":"C:\\Users\\Lawrence\\Desktop\\Checklist\\Front-end\\src\\components\\Callback.jsx","statementMap":{"0":{"start":{"line":6,"column":8},"end":{"line":6,"column":32}},"1":{"start":{"line":7,"column":16},"end":{"line":7,"column":40}},"2":{"start":{"line":8,"column":8},"end":{"line":8,"column":30}},"3":{"start":{"line":10,"column":2},"end":{"line":14,"column":null}},"4":{"start":{"line":11,"column":4},"end":{"line":11,"column":null}},"5":{"start":{"line":11,"column":24},"end":{"line":11,"column":null}},"6":{"start":{"line":12,"column":4},"end":{"line":12,"column":null}},"7":{"start":{"line":13,"column":4},"end":{"line":13,"column":null}},"8":{"start":{"line":17,"column":22},"end":{"line":17,"column":65}},"9":{"start":{"line":18,"column":17},"end":{"line":18,"column":38}},"10":{"start":{"line":20,"column":4},"end":{"line":23,"column":null}},"11":{"start":{"line":21,"column":6},"end":{"line":21,"column":null}},"12":{"start":{"line":22,"column":6},"end":{"line":22,"column":null}},"13":{"start":{"line":22,"column":23},"end":{"line":22,"column":41}},"14":{"start":{"line":23,"column":6},"end":{"line":23,"column":null}},"15":{"start":{"line":26,"column":4},"end":{"line":59,"column":null}},"16":{"start":{"line":27,"column":28},"end":{"line":39,"column":null}},"17":{"start":{"line":42,"column":24},"end":{"line":42,"column":50}},"18":{"start":{"line":44,"column":6},"end":{"line":45,"column":null}},"19":{"start":{"line":45,"column":8},"end":{"line":45,"column":null}},"20":{"start":{"line":48,"column":25},"end":{"line":48,"column":62}},"21":{"start":{"line":49,"column":31},"end":{"line":49,"column":57}},"22":{"start":{"line":50,"column":27},"end":{"line":50,"column":null}},"23":{"start":{"line":52,"column":6},"end":{"line":52,"column":null}},"24":{"start":{"line":53,"column":6},"end":{"line":53,"column":null}},"25":{"start":{"line":55,"column":6},"end":{"line":55,"column":null}},"26":{"start":{"line":57,"column":6},"end":{"line":57,"column":null}},"27":{"start":{"line":58,"column":6},"end":{"line":58,"column":null}},"28":{"start":{"line":59,"column":6},"end":{"line":59,"column":null}},"29":{"start":{"line":59,"column":23},"end":{"line":59,"column":41}},"30":{"start":{"line":63,"column":2},"end":{"line":78,"column":null}},"31":{"start":{"line":82,"column":15},"end":{"line":107,"column":null}}},"fnMap":{"0":{"name":"Callback","decl":{"start":{"line":5,"column":24},"end":{"line":5,"column":35}},"loc":{"start":{"line":5,"column":35},"end":{"line":78,"column":null}},"line":5},"1":{"name":"(anonymous_1)","decl":{"start":{"line":10,"column":2},"end":{"line":10,"column":18}},"loc":{"start":{"line":10,"column":18},"end":{"line":14,"column":7}},"line":10},"2":{"name":"handleCallback","decl":{"start":{"line":16,"column":17},"end":{"line":16,"column":34}},"loc":{"start":{"line":16,"column":34},"end":{"line":59,"column":null}},"line":16},"3":{"name":"(anonymous_3)","decl":{"start":{"line":22,"column":6},"end":{"line":22,"column":23}},"loc":{"start":{"line":22,"column":23},"end":{"line":22,"column":41}},"line":22},"4":{"name":"(anonymous_4)","decl":{"start":{"line":59,"column":6},"end":{"line":59,"column":23}},"loc":{"start":{"line":59,"column":23},"end":{"line":59,"column":41}},"line":59}},"branchMap":{"0":{"loc":{"start":{"line":11,"column":4},"end":{"line":11,"column":null}},"type":"if","locations":[{"start":{"line":11,"column":4},"end":{"line":11,"column":null}},{"start":{},"end":{}}],"line":11},"1":{"loc":{"start":{"line":20,"column":4},"end":{"line":23,"column":null}},"type":"if","locations":[{"start":{"line":20,"column":4},"end":{"line":23,"column":null}},{"start":{},"end":{}}],"line":20},"2":{"loc":{"start":{"line":44,"column":6},"end":{"line":45,"column":null}},"type":"if","locations":[{"start":{"line":44,"column":6},"end":{"line":45,"column":null}},{"start":{},"end":{}}],"line":44},"3":{"loc":{"start":{"line":45,"column":24},"end":{"line":45,"column":79}},"type":"binary-expr","locations":[{"start":{"line":45,"column":24},"end":{"line":45,"column":55}},{"start":{"line":45,"column":55},"end":{"line":45,"column":79}}],"line":45},"4":{"loc":{"start":{"line":65,"column":7},"end":{"line":75,"column":null}},"type":"cond-expr","locations":[{"start":{"line":66,"column":8},"end":{"line":72,"column":9}},{"start":{"line":72,"column":8},"end":{"line":75,"column":null}}],"line":65}},"s":{"0":9,"1":9,"2":9,"3":9,"4":6,"5":1,"6":5,"7":5,"8":5,"9":5,"10":5,"11":1,"12":1,"13":1,"14":1,"15":4,"16":4,"17":4,"18":4,"19":2,"20":2,"21":2,"22":2,"23":2,"24":2,"25":2,"26":2,"27":2,"28":2,"29":1,"30":9,"31":1},"f":{"0":9,"1":6,"2":5,"3":1,"4":1},"b":{"0":[1,5],"1":[1,4],"2":[2,2],"3":[2,1],"4":[3,6]},"meta":{"lastBranch":5,"lastFunction":5,"lastStatement":32,"seen":{"f:5:24:5:35":0,"s:6:8:6:32":0,"s:7:16:7:40":1,"s:8:8:8:30":2,"s:10:2:14:Infinity":3,"f:10:2:10:18":1,"b:11:4:11:Infinity:undefined:undefined:undefined:undefined":0,"s:11:4:11:Infinity":4,"s:11:24:11:Infinity":5,"s:12:4:12:Infinity":6,"s:13:4:13:Infinity":7,"f:16:17:16:34":2,"s:17:22:17:65":8,"s:18:17:18:38":9,"b:20:4:23:Infinity:undefined:undefined:undefined:undefined":1,"s:20:4:23:Infinity":10,"s:21:6:21:Infinity":11,"s:22:6:22:Infinity":12,"f:22:6:22:23":3,"s:22:23:22:41":13,"s:23:6:23:Infinity":14,"s:26:4:59:Infinity":15,"s:27:28:39:Infinity":16,"s:42:24:42:50":17,"b:44:6:45:Infinity:undefined:undefined:undefined:undefined":2,"s:44:6:45:Infinity":18,"s:45:8:45:Infinity":19,"b:45:24:45:55:45:55:45:79":3,"s:48:25:48:62":20,"s:49:31:49:57":21,"s:50:27:50:Infinity":22,"s:52:6:52:Infinity":23,"s:53:6:53:Infinity":24,"s:55:6:55:Infinity":25,"s:57:6:57:Infinity":26,"s:58:6:58:Infinity":27,"s:59:6:59:Infinity":28,"f:59:6:59:23":4,"s:59:23:59:41":29,"s:63:2:78:Infinity":30,"b:66:8:72:9:72:8:75:Infinity":4,"s:82:15:107:Infinity":31}}}
,"C:\\Users\\Lawrence\\Desktop\\Checklist\\Front-end\\src\\components\\Dashboard.jsx": {"path":"C:\\Users\\Lawrence\\Desktop\\Checklist\\Front-end\\src\\components\\Dashboard.jsx","statementMap":{"0":{"start":{"line":5,"column":12},"end":{"line":7,"column":2}},"1":{"start":{"line":10,"column":2},"end":{"line":10,"column":null}},"2":{"start":{"line":12,"column":2},"end":{"line":12,"column":null}},"3":{"start":{"line":13,"column":23},"end":{"line":13,"column":null}},"4":{"start":{"line":14,"column":28},"end":{"line":14,"column":null}},"5":{"start":{"line":17,"column":16},"end":{"line":17,"column":52}},"6":{"start":{"line":18,"column":2},"end":{"line":19,"column":null}},"7":{"start":{"line":19,"column":4},"end":{"line":19,"column":null}},"8":{"start":{"line":21,"column":2},"end":{"line":21,"column":null}},"9":{"start":{"line":24,"column":0},"end":{"line":24,"column":null}},"10":{"start":{"line":27,"column":2},"end":{"line":28,"column":null}},"11":{"start":{"line":28,"column":4},"end":{"line":28,"column":null}},"12":{"start":{"line":31,"column":2},"end":{"line":32,"column":null}},"13":{"start":{"line":32,"column":4},"end":{"line":32,"column":null}},"14":{"start":{"line":35,"column":2},"end":{"line":36,"column":null}},"15":{"start":{"line":36,"column":4},"end":{"line":36,"column":null}},"16":{"start":{"line":39,"column":2},"end":{"line":39,"column":null}},"17":{"start":{"line":43,"column":19},"end":{"line":43,"column":33}},"18":{"start":{"line":44,"column":2},"end":{"line":44,"column":null}},"19":{"start":{"line":45,"column":2},"end":{"line":45,"column":null}},"20":{"start":{"line":47,"column":2},"end":{"line":48,"column":null}},"21":{"start":{"line":48,"column":4},"end":{"line":48,"column":null}},"22":{"start":{"line":51,"column":2},"end":{"line":52,"column":null}},"23":{"start":{"line":52,"column":4},"end":{"line":52,"column":null}},"24":{"start":{"line":55,"column":2},"end":{"line":55,"column":null}},"25":{"start":{"line":59,"column":2},"end":{"line":59,"column":null}},"26":{"start":{"line":63,"column":18},"end":{"line":63,"column":28}},"27":{"start":{"line":64,"column":23},"end":{"line":64,"column":73}},"28":{"start":{"line":64,"column":51},"end":{"line":64,"column":73}},"29":{"start":{"line":65,"column":22},"end":{"line":65,"column":71}},"30":{"start":{"line":65,"column":50},"end":{"line":65,"column":71}},"31":{"start":{"line":67,"column":2},"end":{"line":68,"column":null}},"32":{"start":{"line":68,"column":4},"end":{"line":68,"column":null}},"33":{"start":{"line":71,"column":24},"end":{"line":71,"column":55}},"34":{"start":{"line":72,"column":2},"end":{"line":72,"column":null}},"35":{"start":{"line":74,"column":2},"end":{"line":74,"column":null}},"36":{"start":{"line":74,"column":39},"end":{"line":74,"column":73}},"37":{"start":{"line":78,"column":8},"end":{"line":78,"column":32}},"38":{"start":{"line":79,"column":16},"end":{"line":79,"column":40}},"39":{"start":{"line":80,"column":20},"end":{"line":80,"column":66}},"40":{"start":{"line":81,"column":24},"end":{"line":81,"column":56}},"41":{"start":{"line":82,"column":21},"end":{"line":82,"column":50}},"42":{"start":{"line":83,"column":29},"end":{"line":83,"column":66}},"43":{"start":{"line":84,"column":28},"end":{"line":84,"column":66}},"44":{"start":{"line":85,"column":16},"end":{"line":85,"column":40}},"45":{"start":{"line":86,"column":18},"end":{"line":86,"column":47}},"46":{"start":{"line":87,"column":23},"end":{"line":87,"column":57}},"47":{"start":{"line":88,"column":22},"end":{"line":88,"column":55}},"48":{"start":{"line":89,"column":22},"end":{"line":89,"column":55}},"49":{"start":{"line":90,"column":23},"end":{"line":90,"column":57}},"50":{"start":{"line":91,"column":22},"end":{"line":91,"column":52}},"51":{"start":{"line":92,"column":22},"end":{"line":92,"column":52}},"52":{"start":{"line":93,"column":23},"end":{"line":93,"column":56}},"53":{"start":{"line":94,"column":30},"end":{"line":94,"column":68}},"54":{"start":{"line":95,"column":23},"end":{"line":95,"column":54}},"55":{"start":{"line":96,"column":22},"end":{"line":96,"column":52}},"56":{"start":{"line":97,"column":22},"end":{"line":97,"column":54}},"57":{"start":{"line":98,"column":20},"end":{"line":98,"column":48}},"58":{"start":{"line":99,"column":19},"end":{"line":99,"column":46}},"59":{"start":{"line":100,"column":16},"end":{"line":100,"column":40}},"60":{"start":{"line":101,"column":27},"end":{"line":101,"column":64}},"61":{"start":{"line":102,"column":28},"end":{"line":102,"column":64}},"62":{"start":{"line":103,"column":28},"end":{"line":103,"column":64}},"63":{"start":{"line":104,"column":29},"end":{"line":104,"column":68}},"64":{"start":{"line":105,"column":36},"end":{"line":105,"column":80}},"65":{"start":{"line":106,"column":31},"end":{"line":106,"column":73}},"66":{"start":{"line":107,"column":24},"end":{"line":107,"column":58}},"67":{"start":{"line":109,"column":2},"end":{"line":114,"column":null}},"68":{"start":{"line":110,"column":4},"end":{"line":110,"column":null}},"69":{"start":{"line":111,"column":4},"end":{"line":111,"column":null}},"70":{"start":{"line":112,"column":4},"end":{"line":112,"column":null}},"71":{"start":{"line":113,"column":4},"end":{"line":113,"column":null}},"72":{"start":{"line":117,"column":4},"end":{"line":122,"column":null}},"73":{"start":{"line":118,"column":18},"end":{"line":118,"column":46}},"74":{"start":{"line":119,"column":23},"end":{"line":119,"column":42}},"75":{"start":{"line":120,"column":6},"end":{"line":120,"column":null}},"76":{"start":{"line":122,"column":6},"end":{"line":122,"column":null}},"77":{"start":{"line":127,"column":4},"end":{"line":127,"column":null}},"78":{"start":{"line":128,"column":4},"end":{"line":136,"column":null}},"79":{"start":{"line":129,"column":18},"end":{"line":129,"column":46}},"80":{"start":{"line":130,"column":19},"end":{"line":130,"column":null}},"81":{"start":{"line":131,"column":6},"end":{"line":131,"column":null}},"82":{"start":{"line":133,"column":6},"end":{"line":133,"column":null}},"83":{"start":{"line":134,"column":6},"end":{"line":134,"column":null}},"84":{"start":{"line":136,"column":6},"end":{"line":136,"column":null}},"85":{"start":{"line":141,"column":4},"end":{"line":146,"column":null}},"86":{"start":{"line":142,"column":18},"end":{"line":142,"column":55}},"87":{"start":{"line":143,"column":19},"end":{"line":143,"column":null}},"88":{"start":{"line":144,"column":6},"end":{"line":144,"column":null}},"89":{"start":{"line":146,"column":6},"end":{"line":146,"column":null}},"90":{"start":{"line":151,"column":4},"end":{"line":151,"column":null}},"91":{"start":{"line":152,"column":4},"end":{"line":160,"column":null}},"92":{"start":{"line":153,"column":18},"end":{"line":153,"column":67}},"93":{"start":{"line":154,"column":19},"end":{"line":154,"column":null}},"94":{"start":{"line":155,"column":6},"end":{"line":155,"column":null}},"95":{"start":{"line":157,"column":6},"end":{"line":157,"column":null}},"96":{"start":{"line":158,"column":6},"end":{"line":158,"column":null}},"97":{"start":{"line":160,"column":6},"end":{"line":160,"column":null}},"98":{"start":{"line":165,"column":4},"end":{"line":165,"column":null}},"99":{"start":{"line":166,"column":4},"end":{"line":166,"column":null}},"100":{"start":{"line":167,"column":4},"end":{"line":167,"column":null}},"101":{"start":{"line":168,"column":4},"end":{"line":168,"column":null}},"102":{"start":{"line":172,"column":4},"end":{"line":172,"column":null}},"103":{"start":{"line":173,"column":4},"end":{"line":173,"column":null}},"104":{"start":{"line":174,"column":4},"end":{"line":174,"column":null}},"105":{"start":{"line":175,"column":4},"end":{"line":175,"column":null}},"106":{"start":{"line":176,"column":4},"end":{"line":176,"column":null}},"107":{"start":{"line":177,"column":4},"end":{"line":177,"column":null}},"108":{"start":{"line":181,"column":4},"end":{"line":181,"column":null}},"109":{"start":{"line":182,"column":4},"end":{"line":182,"column":null}},"110":{"start":{"line":183,"column":4},"end":{"line":183,"column":null}},"111":{"start":{"line":184,"column":4},"end":{"line":184,"column":null}},"112":{"start":{"line":185,"column":4},"end":{"line":185,"column":null}},"113":{"start":{"line":189,"column":4},"end":{"line":189,"column":null}},"114":{"start":{"line":190,"column":4},"end":{"line":190,"column":null}},"115":{"start":{"line":191,"column":4},"end":{"line":191,"column":null}},"116":{"start":{"line":192,"column":4},"end":{"line":192,"column":null}},"117":{"start":{"line":193,"column":4},"end":{"line":193,"column":null}},"118":{"start":{"line":194,"column":4},"end":{"line":194,"column":null}},"119":{"start":{"line":198,"column":17},"end":{"line":198,"column":null}},"120":{"start":{"line":199,"column":28},"end":{"line":199,"column":51}},"121":{"start":{"line":201,"column":4},"end":{"line":204,"column":null}},"122":{"start":{"line":202,"column":6},"end":{"line":202,"column":null}},"123":{"start":{"line":203,"column":6},"end":{"line":203,"column":null}},"124":{"start":{"line":204,"column":6},"end":{"line":204,"column":null}},"125":{"start":{"line":207,"column":4},"end":{"line":207,"column":null}},"126":{"start":{"line":208,"column":4},"end":{"line":208,"column":null}},"127":{"start":{"line":209,"column":4},"end":{"line":209,"column":null}},"128":{"start":{"line":213,"column":17},"end":{"line":213,"column":null}},"129":{"start":{"line":214,"column":28},"end":{"line":214,"column":51}},"130":{"start":{"line":216,"column":4},"end":{"line":219,"column":null}},"131":{"start":{"line":217,"column":6},"end":{"line":217,"column":null}},"132":{"start":{"line":218,"column":6},"end":{"line":218,"column":null}},"133":{"start":{"line":219,"column":6},"end":{"line":219,"column":null}},"134":{"start":{"line":222,"column":4},"end":{"line":222,"column":null}},"135":{"start":{"line":223,"column":4},"end":{"line":223,"column":null}},"136":{"start":{"line":224,"column":4},"end":{"line":224,"column":null}},"137":{"start":{"line":225,"column":4},"end":{"line":225,"column":null}},"138":{"start":{"line":229,"column":17},"end":{"line":229,"column":null}},"139":{"start":{"line":230,"column":28},"end":{"line":230,"column":51}},"140":{"start":{"line":232,"column":4},"end":{"line":235,"column":null}},"141":{"start":{"line":233,"column":6},"end":{"line":233,"column":null}},"142":{"start":{"line":234,"column":6},"end":{"line":234,"column":null}},"143":{"start":{"line":235,"column":6},"end":{"line":235,"column":null}},"144":{"start":{"line":238,"column":4},"end":{"line":239,"column":null}},"145":{"start":{"line":239,"column":6},"end":{"line":239,"column":null}},"146":{"start":{"line":242,"column":21},"end":{"line":242,"column":35}},"147":{"start":{"line":243,"column":4},"end":{"line":243,"column":null}},"148":{"start":{"line":245,"column":4},"end":{"line":252,"column":null}},"149":{"start":{"line":246,"column":22},"end":{"line":246,"column":47}},"150":{"start":{"line":247,"column":6},"end":{"line":247,"column":null}},"151":{"start":{"line":248,"column":18},"end":{"line":248,"column":58}},"152":{"start":{"line":249,"column":6},"end":{"line":249,"column":null}},"153":{"start":{"line":250,"column":6},"end":{"line":250,"column":null}},"154":{"start":{"line":252,"column":6},"end":{"line":252,"column":null}},"155":{"start":{"line":257,"column":21},"end":{"line":257,"column":35}},"156":{"start":{"line":258,"column":4},"end":{"line":258,"column":null}},"157":{"start":{"line":260,"column":4},"end":{"line":265,"column":null}},"158":{"start":{"line":261,"column":18},"end":{"line":261,"column":58}},"159":{"start":{"line":262,"column":6},"end":{"line":262,"column":null}},"160":{"start":{"line":263,"column":6},"end":{"line":263,"column":null}},"161":{"start":{"line":265,"column":6},"end":{"line":265,"column":null}},"162":{"start":{"line":270,"column":4},"end":{"line":270,"column":null}},"163":{"start":{"line":271,"column":4},"end":{"line":271,"column":null}},"164":{"start":{"line":273,"column":4},"end":{"line":292,"column":null}},"165":{"start":{"line":274,"column":22},"end":{"line":279,"column":8}},"166":{"start":{"line":280,"column":18},"end":{"line":280,"column":56}},"167":{"start":{"line":281,"column":27},"end":{"line":281,"column":null}},"168":{"start":{"line":282,"column":6},"end":{"line":282,"column":null}},"169":{"start":{"line":283,"column":6},"end":{"line":283,"column":null}},"170":{"start":{"line":284,"column":6},"end":{"line":284,"column":null}},"171":{"start":{"line":287,"column":8},"end":{"line":289,"column":null}},"172":{"start":{"line":290,"column":6},"end":{"line":290,"column":null}},"173":{"start":{"line":292,"column":6},"end":{"line":292,"column":null}},"174":{"start":{"line":297,"column":4},"end":{"line":297,"column":null}},"175":{"start":{"line":299,"column":4},"end":{"line":321,"column":null}},"176":{"start":{"line":300,"column":22},"end":{"line":305,"column":8}},"177":{"start":{"line":306,"column":18},"end":{"line":306,"column":80}},"178":{"start":{"line":307,"column":31},"end":{"line":307,"column":null}},"179":{"start":{"line":309,"column":6},"end":{"line":313,"column":null}},"180":{"start":{"line":311,"column":10},"end":{"line":311,"column":null}},"181":{"start":{"line":315,"column":6},"end":{"line":315,"column":null}},"182":{"start":{"line":318,"column":8},"end":{"line":320,"column":null}},"183":{"start":{"line":321,"column":6},"end":{"line":321,"column":null}},"184":{"start":{"line":326,"column":4},"end":{"line":327,"column":null}},"185":{"start":{"line":327,"column":6},"end":{"line":327,"column":null}},"186":{"start":{"line":330,"column":4},"end":{"line":339,"column":null}},"187":{"start":{"line":331,"column":18},"end":{"line":331,"column":64}},"188":{"start":{"line":332,"column":32},"end":{"line":332,"column":99}},"189":{"start":{"line":332,"column":75},"end":{"line":332,"column":99}},"190":{"start":{"line":333,"column":6},"end":{"line":333,"column":null}},"191":{"start":{"line":333,"column":53},"end":{"line":333,"column":82}},"192":{"start":{"line":334,"column":6},"end":{"line":336,"column":null}},"193":{"start":{"line":339,"column":6},"end":{"line":339,"column":null}},"194":{"start":{"line":344,"column":4},"end":{"line":354,"column":null}},"195":{"start":{"line":345,"column":18},"end":{"line":345,"column":70}},"196":{"start":{"line":346,"column":32},"end":{"line":346,"column":107}},"197":{"start":{"line":346,"column":83},"end":{"line":346,"column":107}},"198":{"start":{"line":347,"column":6},"end":{"line":349,"column":null}},"199":{"start":{"line":348,"column":49},"end":{"line":348,"column":78}},"200":{"start":{"line":350,"column":6},"end":{"line":351,"column":null}},"201":{"start":{"line":351,"column":8},"end":{"line":351,"column":null}},"202":{"start":{"line":354,"column":6},"end":{"line":354,"column":null}},"203":{"start":{"line":359,"column":4},"end":{"line":359,"column":null}},"204":{"start":{"line":360,"column":4},"end":{"line":360,"column":null}},"205":{"start":{"line":362,"column":4},"end":{"line":375,"column":null}},"206":{"start":{"line":363,"column":18},"end":{"line":366,"column":8}},"207":{"start":{"line":367,"column":22},"end":{"line":367,"column":null}},"208":{"start":{"line":368,"column":6},"end":{"line":368,"column":null}},"209":{"start":{"line":369,"column":6},"end":{"line":369,"column":null}},"210":{"start":{"line":370,"column":6},"end":{"line":370,"column":null}},"211":{"start":{"line":371,"column":6},"end":{"line":371,"column":null}},"212":{"start":{"line":373,"column":6},"end":{"line":373,"column":null}},"213":{"start":{"line":375,"column":6},"end":{"line":375,"column":null}},"214":{"start":{"line":380,"column":4},"end":{"line":380,"column":null}},"215":{"start":{"line":381,"column":4},"end":{"line":390,"column":null}},"216":{"start":{"line":382,"column":18},"end":{"line":384,"column":null}},"217":{"start":{"line":386,"column":26},"end":{"line":386,"column":null}},"218":{"start":{"line":387,"column":6},"end":{"line":387,"column":null}},"219":{"start":{"line":387,"column":36},"end":{"line":387,"column":85}},"220":{"start":{"line":388,"column":6},"end":{"line":388,"column":null}},"221":{"start":{"line":390,"column":6},"end":{"line":390,"column":null}},"222":{"start":{"line":395,"column":4},"end":{"line":396,"column":null}},"223":{"start":{"line":396,"column":6},"end":{"line":396,"column":null}},"224":{"start":{"line":399,"column":4},"end":{"line":403,"column":null}},"225":{"start":{"line":400,"column":6},"end":{"line":400,"column":null}},"226":{"start":{"line":401,"column":6},"end":{"line":401,"column":null}},"227":{"start":{"line":401,"column":38},"end":{"line":401,"column":57}},"228":{"start":{"line":403,"column":6},"end":{"line":403,"column":null}},"229":{"start":{"line":408,"column":4},"end":{"line":416,"column":null}},"230":{"start":{"line":409,"column":18},"end":{"line":411,"column":null}},"231":{"start":{"line":413,"column":26},"end":{"line":413,"column":null}},"232":{"start":{"line":414,"column":6},"end":{"line":414,"column":null}},"233":{"start":{"line":414,"column":39},"end":{"line":414,"column":87}},"234":{"start":{"line":416,"column":6},"end":{"line":416,"column":null}},"235":{"start":{"line":421,"column":4},"end":{"line":421,"column":null}},"236":{"start":{"line":422,"column":4},"end":{"line":430,"column":null}},"237":{"start":{"line":423,"column":18},"end":{"line":425,"column":null}},"238":{"start":{"line":425,"column":47},"end":{"line":425,"column":55}},"239":{"start":{"line":427,"column":6},"end":{"line":427,"column":null}},"240":{"start":{"line":429,"column":6},"end":{"line":429,"column":null}},"241":{"start":{"line":430,"column":6},"end":{"line":430,"column":null}},"242":{"start":{"line":435,"column":4},"end":{"line":435,"column":null}},"243":{"start":{"line":436,"column":4},"end":{"line":436,"column":null}},"244":{"start":{"line":437,"column":4},"end":{"line":437,"column":null}},"245":{"start":{"line":438,"column":4},"end":{"line":438,"column":null}},"246":{"start":{"line":439,"column":4},"end":{"line":439,"column":null}},"247":{"start":{"line":440,"column":4},"end":{"line":440,"column":null}},"248":{"start":{"line":444,"column":4},"end":{"line":444,"column":null}},"249":{"start":{"line":445,"column":4},"end":{"line":445,"column":null}},"250":{"start":{"line":446,"column":4},"end":{"line":446,"column":null}},"251":{"start":{"line":447,"column":4},"end":{"line":447,"column":null}},"252":{"start":{"line":450,"column":2},"end":{"line":856,"column":null}},"253":{"start":{"line":495,"column":33},"end":{"line":495,"column":45}},"254":{"start":{"line":510,"column":29},"end":{"line":510,"column":57}},"255":{"start":{"line":523,"column":37},"end":{"line":523,"column":71}},"256":{"start":{"line":529,"column":37},"end":{"line":529,"column":71}},"257":{"start":{"line":573,"column":14},"end":{"line":666,"column":null}},"258":{"start":{"line":586,"column":43},"end":{"line":586,"column":83}},"259":{"start":{"line":592,"column":43},"end":{"line":592,"column":83}},"260":{"start":{"line":611,"column":26},"end":{"line":611,"column":null}},"261":{"start":{"line":612,"column":26},"end":{"line":612,"column":null}},"262":{"start":{"line":613,"column":26},"end":{"line":613,"column":null}},"263":{"start":{"line":631,"column":37},"end":{"line":631,"column":63}},"264":{"start":{"line":647,"column":26},"end":{"line":647,"column":null}},"265":{"start":{"line":648,"column":26},"end":{"line":648,"column":null}},"266":{"start":{"line":656,"column":26},"end":{"line":656,"column":null}},"267":{"start":{"line":657,"column":26},"end":{"line":657,"column":null}},"268":{"start":{"line":673,"column":29},"end":{"line":673,"column":59}},"269":{"start":{"line":685,"column":20},"end":{"line":704,"column":null}},"270":{"start":{"line":700,"column":39},"end":{"line":700,"column":70}},"271":{"start":{"line":728,"column":16},"end":{"line":728,"column":null}},"272":{"start":{"line":729,"column":16},"end":{"line":729,"column":null}},"273":{"start":{"line":743,"column":37},"end":{"line":743,"column":72}},"274":{"start":{"line":751,"column":37},"end":{"line":751,"column":71}},"275":{"start":{"line":776,"column":16},"end":{"line":855,"column":null}},"276":{"start":{"line":779,"column":37},"end":{"line":779,"column":62}},"277":{"start":{"line":780,"column":41},"end":{"line":780,"column":63}},"278":{"start":{"line":782,"column":20},"end":{"line":783,"column":null}},"279":{"start":{"line":783,"column":22},"end":{"line":783,"column":null}},"280":{"start":{"line":785,"column":20},"end":{"line":785,"column":null}},"281":{"start":{"line":792,"column":45},"end":{"line":792,"column":77}},"282":{"start":{"line":798,"column":45},"end":{"line":798,"column":76}},"283":{"start":{"line":807,"column":39},"end":{"line":807,"column":59}},"284":{"start":{"line":820,"column":42},"end":{"line":820,"column":null}},"285":{"start":{"line":837,"column":28},"end":{"line":837,"column":null}},"286":{"start":{"line":838,"column":28},"end":{"line":838,"column":null}},"287":{"start":{"line":839,"column":28},"end":{"line":839,"column":null}},"288":{"start":{"line":840,"column":28},"end":{"line":840,"column":null}},"289":{"start":{"line":847,"column":41},"end":{"line":847,"column":66}},"290":{"start":{"line":865,"column":15},"end":{"line":1358,"column":null}}},"fnMap":{"0":{"name":"attachAuthHeader","decl":{"start":{"line":16,"column":16},"end":{"line":16,"column":33}},"loc":{"start":{"line":16,"column":41},"end":{"line":21,"column":null}},"line":16},"1":{"name":"validateImageFile","decl":{"start":{"line":26,"column":16},"end":{"line":26,"column":34}},"loc":{"start":{"line":26,"column":40},"end":{"line":39,"column":null}},"line":26},"2":{"name":"buildChecklistFormData","decl":{"start":{"line":42,"column":16},"end":{"line":42,"column":39}},"loc":{"start":{"line":42,"column":75},"end":{"line":55,"column":null}},"line":42},"3":{"name":"getChecklistImageUrl","decl":{"start":{"line":58,"column":16},"end":{"line":58,"column":37}},"loc":{"start":{"line":58,"column":62},"end":{"line":59,"column":null}},"line":58},"4":{"name":"moveItem","decl":{"start":{"line":62,"column":16},"end":{"line":62,"column":25}},"loc":{"start":{"line":62,"column":53},"end":{"line":74,"column":null}},"line":62},"5":{"name":"(anonymous_5)","decl":{"start":{"line":64,"column":31},"end":{"line":64,"column":42}},"loc":{"start":{"line":64,"column":51},"end":{"line":64,"column":73}},"line":64},"6":{"name":"(anonymous_6)","decl":{"start":{"line":65,"column":30},"end":{"line":65,"column":41}},"loc":{"start":{"line":65,"column":50},"end":{"line":65,"column":71}},"line":65},"7":{"name":"(anonymous_7)","decl":{"start":{"line":74,"column":17},"end":{"line":74,"column":22}},"loc":{"start":{"line":74,"column":39},"end":{"line":74,"column":73}},"line":74},"8":{"name":"Dashboard","decl":{"start":{"line":77,"column":24},"end":{"line":77,"column":34}},"loc":{"start":{"line":77,"column":48},"end":{"line":856,"column":null}},"line":77},"9":{"name":"(anonymous_9)","decl":{"start":{"line":109,"column":2},"end":{"line":109,"column":18}},"loc":{"start":{"line":109,"column":18},"end":{"line":114,"column":7}},"line":109},"10":{"name":"loadProfile","decl":{"start":{"line":116,"column":17},"end":{"line":116,"column":31}},"loc":{"start":{"line":116,"column":31},"end":{"line":122,"column":null}},"line":116},"11":{"name":"loadChecklists","decl":{"start":{"line":126,"column":17},"end":{"line":126,"column":34}},"loc":{"start":{"line":126,"column":34},"end":{"line":136,"column":null}},"line":126},"12":{"name":"loadArchivedChecklists","decl":{"start":{"line":140,"column":17},"end":{"line":140,"column":42}},"loc":{"start":{"line":140,"column":42},"end":{"line":146,"column":null}},"line":140},"13":{"name":"loadItems","decl":{"start":{"line":150,"column":17},"end":{"line":150,"column":27}},"loc":{"start":{"line":150,"column":40},"end":{"line":160,"column":null}},"line":150},"14":{"name":"resetNewChecklistForm","decl":{"start":{"line":164,"column":11},"end":{"line":164,"column":35}},"loc":{"start":{"line":164,"column":35},"end":{"line":168,"column":null}},"line":164},"15":{"name":"resetEditingChecklistForm","decl":{"start":{"line":171,"column":11},"end":{"line":171,"column":39}},"loc":{"start":{"line":171,"column":39},"end":{"line":177,"column":null}},"line":171},"16":{"name":"handleChecklistClick","decl":{"start":{"line":180,"column":11},"end":{"line":180,"column":32}},"loc":{"start":{"line":180,"column":43},"end":{"line":185,"column":null}},"line":180},"17":{"name":"handleBackToDashboard","decl":{"start":{"line":188,"column":11},"end":{"line":188,"column":35}},"loc":{"start":{"line":188,"column":35},"end":{"line":194,"column":null}},"line":188},"18":{"name":"handleNewImageChange","decl":{"start":{"line":197,"column":11},"end":{"line":197,"column":32}},"loc":{"start":{"line":197,"column":39},"end":{"line":209,"column":null}},"line":197},"19":{"name":"handleEditImageChange","decl":{"start":{"line":212,"column":11},"end":{"line":212,"column":33}},"loc":{"start":{"line":212,"column":40},"end":{"line":225,"column":null}},"line":212},"20":{"name":"handleAvatarChange","decl":{"start":{"line":228,"column":17},"end":{"line":228,"column":36}},"loc":{"start":{"line":228,"column":43},"end":{"line":252,"column":null}},"line":228},"21":{"name":"handleRemoveAvatar","decl":{"start":{"line":256,"column":17},"end":{"line":256,"column":38}},"loc":{"start":{"line":256,"column":38},"end":{"line":265,"column":null}},"line":256},"22":{"name":"handleAddList","decl":{"start":{"line":269,"column":17},"end":{"line":269,"column":31}},"loc":{"start":{"line":269,"column":38},"end":{"line":292,"column":null}},"line":269},"23":{"name":"handleUpdateChecklist","decl":{"start":{"line":296,"column":17},"end":{"line":296,"column":39}},"loc":{"start":{"line":296,"column":46},"end":{"line":321,"column":null}},"line":296},"24":{"name":"(anonymous_24)","decl":{"start":{"line":310,"column":19},"end":{"line":310,"column":24}},"loc":{"start":{"line":311,"column":10},"end":{"line":311,"column":null}},"line":311},"25":{"name":"handleArchiveChecklist","decl":{"start":{"line":325,"column":17},"end":{"line":325,"column":40}},"loc":{"start":{"line":325,"column":53},"end":{"line":339,"column":null}},"line":325},"26":{"name":"(anonymous_26)","decl":{"start":{"line":332,"column":60},"end":{"line":332,"column":66}},"loc":{"start":{"line":332,"column":75},"end":{"line":332,"column":99}},"line":332},"27":{"name":"(anonymous_27)","decl":{"start":{"line":333,"column":31},"end":{"line":333,"column":39}},"loc":{"start":{"line":333,"column":53},"end":{"line":333,"column":82}},"line":333},"28":{"name":"handleRestoreChecklist","decl":{"start":{"line":343,"column":17},"end":{"line":343,"column":40}},"loc":{"start":{"line":343,"column":53},"end":{"line":354,"column":null}},"line":343},"29":{"name":"(anonymous_29)","decl":{"start":{"line":346,"column":68},"end":{"line":346,"column":74}},"loc":{"start":{"line":346,"column":83},"end":{"line":346,"column":107}},"line":346},"30":{"name":"(anonymous_30)","decl":{"start":{"line":348,"column":27},"end":{"line":348,"column":35}},"loc":{"start":{"line":348,"column":49},"end":{"line":348,"column":78}},"line":348},"31":{"name":"handleAddItem","decl":{"start":{"line":358,"column":17},"end":{"line":358,"column":31}},"loc":{"start":{"line":358,"column":38},"end":{"line":375,"column":null}},"line":358},"32":{"name":"handleUpdateItem","decl":{"start":{"line":379,"column":17},"end":{"line":379,"column":34}},"loc":{"start":{"line":379,"column":41},"end":{"line":390,"column":null}},"line":379},"33":{"name":"(anonymous_33)","decl":{"start":{"line":387,"column":21},"end":{"line":387,"column":26}},"loc":{"start":{"line":387,"column":36},"end":{"line":387,"column":85}},"line":387},"34":{"name":"handleDeleteItem","decl":{"start":{"line":394,"column":17},"end":{"line":394,"column":34}},"loc":{"start":{"line":394,"column":42},"end":{"line":403,"column":null}},"line":394},"35":{"name":"(anonymous_35)","decl":{"start":{"line":401,"column":21},"end":{"line":401,"column":29}},"loc":{"start":{"line":401,"column":38},"end":{"line":401,"column":57}},"line":401},"36":{"name":"handleToggleItem","decl":{"start":{"line":407,"column":17},"end":{"line":407,"column":34}},"loc":{"start":{"line":407,"column":40},"end":{"line":416,"column":null}},"line":407},"37":{"name":"(anonymous_37)","decl":{"start":{"line":414,"column":21},"end":{"line":414,"column":26}},"loc":{"start":{"line":414,"column":39},"end":{"line":414,"column":87}},"line":414},"38":{"name":"handleReorderItems","decl":{"start":{"line":420,"column":17},"end":{"line":420,"column":36}},"loc":{"start":{"line":420,"column":47},"end":{"line":430,"column":null}},"line":420},"39":{"name":"(anonymous_39)","decl":{"start":{"line":425,"column":33},"end":{"line":425,"column":38}},"loc":{"start":{"line":425,"column":47},"end":{"line":425,"column":55}},"line":425},"40":{"name":"startEditingChecklist","decl":{"start":{"line":434,"column":11},"end":{"line":434,"column":33}},"loc":{"start":{"line":434,"column":44},"end":{"line":440,"column":null}},"line":434},"41":{"name":"handleLogout","decl":{"start":{"line":443,"column":11},"end":{"line":443,"column":26}},"loc":{"start":{"line":443,"column":26},"end":{"line":447,"column":null}},"line":443},"42":{"name":"(anonymous_42)","decl":{"start":{"line":495,"column":18},"end":{"line":495,"column":33}},"loc":{"start":{"line":495,"column":33},"end":{"line":495,"column":45}},"line":495},"43":{"name":"(anonymous_43)","decl":{"start":{"line":510,"column":14},"end":{"line":510,"column":29}},"loc":{"start":{"line":510,"column":29},"end":{"line":510,"column":57}},"line":510},"44":{"name":"(anonymous_44)","decl":{"start":{"line":523,"column":16},"end":{"line":523,"column":27}},"loc":{"start":{"line":523,"column":37},"end":{"line":523,"column":71}},"line":523},"45":{"name":"(anonymous_45)","decl":{"start":{"line":529,"column":16},"end":{"line":529,"column":27}},"loc":{"start":{"line":529,"column":37},"end":{"line":529,"column":71}},"line":529},"46":{"name":"(anonymous_46)","decl":{"start":{"line":572,"column":24},"end":{"line":572,"column":29}},"loc":{"start":{"line":573,"column":14},"end":{"line":666,"column":null}},"line":573},"47":{"name":"(anonymous_47)","decl":{"start":{"line":586,"column":22},"end":{"line":586,"column":33}},"loc":{"start":{"line":586,"column":43},"end":{"line":586,"column":83}},"line":586},"48":{"name":"(anonymous_48)","decl":{"start":{"line":592,"column":22},"end":{"line":592,"column":33}},"loc":{"start":{"line":592,"column":43},"end":{"line":592,"column":83}},"line":592},"49":{"name":"(anonymous_49)","decl":{"start":{"line":610,"column":24},"end":{"line":610,"column":39}},"loc":{"start":{"line":610,"column":39},"end":{"line":613,"column":null}},"line":610},"50":{"name":"(anonymous_50)","decl":{"start":{"line":631,"column":22},"end":{"line":631,"column":37}},"loc":{"start":{"line":631,"column":37},"end":{"line":631,"column":63}},"line":631},"51":{"name":"(anonymous_51)","decl":{"start":{"line":646,"column":24},"end":{"line":646,"column":34}},"loc":{"start":{"line":646,"column":44},"end":{"line":648,"column":null}},"line":646},"52":{"name":"(anonymous_52)","decl":{"start":{"line":655,"column":24},"end":{"line":655,"column":34}},"loc":{"start":{"line":655,"column":44},"end":{"line":657,"column":null}},"line":655},"53":{"name":"(anonymous_53)","decl":{"start":{"line":673,"column":14},"end":{"line":673,"column":29}},"loc":{"start":{"line":673,"column":29},"end":{"line":673,"column":59}},"line":673},"54":{"name":"(anonymous_54)","decl":{"start":{"line":684,"column":37},"end":{"line":684,"column":42}},"loc":{"start":{"line":685,"column":20},"end":{"line":704,"column":null}},"line":685},"55":{"name":"(anonymous_55)","decl":{"start":{"line":700,"column":24},"end":{"line":700,"column":39}},"loc":{"start":{"line":700,"column":39},"end":{"line":700,"column":70}},"line":700},"56":{"name":"(anonymous_56)","decl":{"start":{"line":727,"column":14},"end":{"line":727,"column":29}},"loc":{"start":{"line":727,"column":29},"end":{"line":729,"column":null}},"line":727},"57":{"name":"(anonymous_57)","decl":{"start":{"line":743,"column":16},"end":{"line":743,"column":27}},"loc":{"start":{"line":743,"column":37},"end":{"line":743,"column":72}},"line":743},"58":{"name":"(anonymous_58)","decl":{"start":{"line":751,"column":16},"end":{"line":751,"column":27}},"loc":{"start":{"line":751,"column":37},"end":{"line":751,"column":71}},"line":751},"59":{"name":"(anonymous_59)","decl":{"start":{"line":775,"column":21},"end":{"line":775,"column":26}},"loc":{"start":{"line":776,"column":16},"end":{"line":855,"column":null}},"line":776},"60":{"name":"(anonymous_60)","decl":{"start":{"line":779,"column":18},"end":{"line":779,"column":37}},"loc":{"start":{"line":779,"column":37},"end":{"line":779,"column":62}},"line":779},"61":{"name":"(anonymous_61)","decl":{"start":{"line":780,"column":18},"end":{"line":780,"column":31}},"loc":{"start":{"line":780,"column":41},"end":{"line":780,"column":63}},"line":780},"62":{"name":"(anonymous_62)","decl":{"start":{"line":781,"column":18},"end":{"line":781,"column":32}},"loc":{"start":{"line":781,"column":32},"end":{"line":785,"column":null}},"line":781},"63":{"name":"(anonymous_63)","decl":{"start":{"line":792,"column":24},"end":{"line":792,"column":35}},"loc":{"start":{"line":792,"column":45},"end":{"line":792,"column":77}},"line":792},"64":{"name":"(anonymous_64)","decl":{"start":{"line":798,"column":24},"end":{"line":798,"column":35}},"loc":{"start":{"line":798,"column":45},"end":{"line":798,"column":76}},"line":798},"65":{"name":"(anonymous_65)","decl":{"start":{"line":807,"column":24},"end":{"line":807,"column":39}},"loc":{"start":{"line":807,"column":39},"end":{"line":807,"column":59}},"line":807},"66":{"name":"(anonymous_66)","decl":{"start":{"line":820,"column":26},"end":{"line":820,"column":42}},"loc":{"start":{"line":820,"column":42},"end":{"line":820,"column":null}},"line":820},"67":{"name":"(anonymous_67)","decl":{"start":{"line":836,"column":26},"end":{"line":836,"column":41}},"loc":{"start":{"line":836,"column":41},"end":{"line":840,"column":null}},"line":836},"68":{"name":"(anonymous_68)","decl":{"start":{"line":847,"column":26},"end":{"line":847,"column":41}},"loc":{"start":{"line":847,"column":41},"end":{"line":847,"column":66}},"line":847}},"branchMap":{"0":{"loc":{"start":{"line":18,"column":2},"end":{"line":19,"column":null}},"type":"if","locations":[{"start":{"line":18,"column":2},"end":{"line":19,"column":null}},{"start":{},"end":{}}],"line":18},"1":{"loc":{"start":{"line":27,"column":2},"end":{"line":28,"column":null}},"type":"if","locations":[{"start":{"line":27,"column":2},"end":{"line":28,"column":null}},{"start":{},"end":{}}],"line":27},"2":{"loc":{"start":{"line":31,"column":2},"end":{"line":32,"column":null}},"type":"if","locations":[{"start":{"line":31,"column":2},"end":{"line":32,"column":null}},{"start":{},"end":{}}],"line":31},"3":{"loc":{"start":{"line":35,"column":2},"end":{"line":36,"column":null}},"type":"if","locations":[{"start":{"line":35,"column":2},"end":{"line":36,"column":null}},{"start":{},"end":{}}],"line":35},"4":{"loc":{"start":{"line":47,"column":2},"end":{"line":48,"column":null}},"type":"if","locations":[{"start":{"line":47,"column":2},"end":{"line":48,"column":null}},{"start":{},"end":{}}],"line":47},"5":{"loc":{"start":{"line":51,"column":2},"end":{"line":52,"column":null}},"type":"if","locations":[{"start":{"line":51,"column":2},"end":{"line":52,"column":null}},{"start":{},"end":{}}],"line":51},"6":{"loc":{"start":{"line":58,"column":48},"end":{"line":58,"column":62}},"type":"default-arg","locations":[{"start":{"line":58,"column":58},"end":{"line":58,"column":62}}],"line":58},"7":{"loc":{"start":{"line":59,"column":9},"end":{"line":59,"column":null}},"type":"binary-expr","locations":[{"start":{"line":59,"column":9},"end":{"line":59,"column":20}},{"start":{"line":59,"column":20},"end":{"line":59,"column":44}},{"start":{"line":59,"column":44},"end":{"line":59,"column":null}}],"line":59},"8":{"loc":{"start":{"line":67,"column":2},"end":{"line":68,"column":null}},"type":"if","locations":[{"start":{"line":67,"column":2},"end":{"line":68,"column":null}},{"start":{},"end":{}}],"line":67},"9":{"loc":{"start":{"line":67,"column":6},"end":{"line":67,"column":81}},"type":"binary-expr","locations":[{"start":{"line":67,"column":6},"end":{"line":67,"column":29}},{"start":{"line":67,"column":29},"end":{"line":67,"column":51}},{"start":{"line":67,"column":51},"end":{"line":67,"column":81}}],"line":67},"10":{"loc":{"start":{"line":110,"column":13},"end":{"line":110,"column":53}},"type":"binary-expr","locations":[{"start":{"line":110,"column":13},"end":{"line":110,"column":42}},{"start":{"line":110,"column":46},"end":{"line":110,"column":53}}],"line":110},"11":{"loc":{"start":{"line":119,"column":23},"end":{"line":119,"column":42}},"type":"binary-expr","locations":[{"start":{"line":119,"column":23},"end":{"line":119,"column":40}},{"start":{"line":119,"column":40},"end":{"line":119,"column":42}}],"line":119},"12":{"loc":{"start":{"line":120,"column":19},"end":{"line":120,"column":63}},"type":"binary-expr","locations":[{"start":{"line":120,"column":19},"end":{"line":120,"column":42}},{"start":{"line":120,"column":42},"end":{"line":120,"column":63}}],"line":120},"13":{"loc":{"start":{"line":130,"column":19},"end":{"line":130,"column":null}},"type":"binary-expr","locations":[{"start":{"line":130,"column":19},"end":{"line":130,"column":36}},{"start":{"line":130,"column":36},"end":{"line":130,"column":56}},{"start":{"line":130,"column":56},"end":{"line":130,"column":null}}],"line":130},"14":{"loc":{"start":{"line":131,"column":20},"end":{"line":131,"column":51}},"type":"cond-expr","locations":[{"start":{"line":131,"column":42},"end":{"line":131,"column":49}},{"start":{"line":131,"column":49},"end":{"line":131,"column":51}}],"line":131},"15":{"loc":{"start":{"line":143,"column":19},"end":{"line":143,"column":null}},"type":"binary-expr","locations":[{"start":{"line":143,"column":19},"end":{"line":143,"column":36}},{"start":{"line":143,"column":36},"end":{"line":143,"column":56}},{"start":{"line":143,"column":56},"end":{"line":143,"column":null}}],"line":143},"16":{"loc":{"start":{"line":144,"column":28},"end":{"line":144,"column":59}},"type":"cond-expr","locations":[{"start":{"line":144,"column":50},"end":{"line":144,"column":57}},{"start":{"line":144,"column":57},"end":{"line":144,"column":59}}],"line":144},"17":{"loc":{"start":{"line":154,"column":19},"end":{"line":154,"column":null}},"type":"binary-expr","locations":[{"start":{"line":154,"column":19},"end":{"line":154,"column":36}},{"start":{"line":154,"column":36},"end":{"line":154,"column":56}},{"start":{"line":154,"column":56},"end":{"line":154,"column":null}}],"line":154},"18":{"loc":{"start":{"line":155,"column":15},"end":{"line":155,"column":46}},"type":"cond-expr","locations":[{"start":{"line":155,"column":37},"end":{"line":155,"column":44}},{"start":{"line":155,"column":44},"end":{"line":155,"column":46}}],"line":155},"19":{"loc":{"start":{"line":201,"column":4},"end":{"line":204,"column":null}},"type":"if","locations":[{"start":{"line":201,"column":4},"end":{"line":204,"column":null}},{"start":{},"end":{}}],"line":201},"20":{"loc":{"start":{"line":208,"column":20},"end":{"line":208,"column":33}},"type":"binary-expr","locations":[{"start":{"line":208,"column":20},"end":{"line":208,"column":28}},{"start":{"line":208,"column":28},"end":{"line":208,"column":33}}],"line":208},"21":{"loc":{"start":{"line":209,"column":27},"end":{"line":209,"column":65}},"type":"cond-expr","locations":[{"start":{"line":209,"column":34},"end":{"line":209,"column":59}},{"start":{"line":209,"column":62},"end":{"line":209,"column":65}}],"line":209},"22":{"loc":{"start":{"line":216,"column":4},"end":{"line":219,"column":null}},"type":"if","locations":[{"start":{"line":216,"column":4},"end":{"line":219,"column":null}},{"start":{},"end":{}}],"line":216},"23":{"loc":{"start":{"line":224,"column":26},"end":{"line":224,"column":39}},"type":"binary-expr","locations":[{"start":{"line":224,"column":26},"end":{"line":224,"column":34}},{"start":{"line":224,"column":34},"end":{"line":224,"column":39}}],"line":224},"24":{"loc":{"start":{"line":225,"column":33},"end":{"line":225,"column":71}},"type":"cond-expr","locations":[{"start":{"line":225,"column":40},"end":{"line":225,"column":65}},{"start":{"line":225,"column":68},"end":{"line":225,"column":71}}],"line":225},"25":{"loc":{"start":{"line":232,"column":4},"end":{"line":235,"column":null}},"type":"if","locations":[{"start":{"line":232,"column":4},"end":{"line":235,"column":null}},{"start":{},"end":{}}],"line":232},"26":{"loc":{"start":{"line":238,"column":4},"end":{"line":239,"column":null}},"type":"if","locations":[{"start":{"line":238,"column":4},"end":{"line":239,"column":null}},{"start":{},"end":{}}],"line":238},"27":{"loc":{"start":{"line":249,"column":19},"end":{"line":249,"column":68}},"type":"binary-expr","locations":[{"start":{"line":249,"column":19},"end":{"line":249,"column":47}},{"start":{"line":249,"column":47},"end":{"line":249,"column":68}}],"line":249},"28":{"loc":{"start":{"line":252,"column":15},"end":{"line":252,"column":84}},"type":"binary-expr","locations":[{"start":{"line":252,"column":15},"end":{"line":252,"column":58}},{"start":{"line":252,"column":58},"end":{"line":252,"column":84}}],"line":252},"29":{"loc":{"start":{"line":262,"column":19},"end":{"line":262,"column":68}},"type":"binary-expr","locations":[{"start":{"line":262,"column":19},"end":{"line":262,"column":47}},{"start":{"line":262,"column":47},"end":{"line":262,"column":68}}],"line":262},"30":{"loc":{"start":{"line":281,"column":27},"end":{"line":281,"column":null}},"type":"binary-expr","locations":[{"start":{"line":281,"column":27},"end":{"line":281,"column":44}},{"start":{"line":281,"column":44},"end":{"line":281,"column":null}}],"line":281},"31":{"loc":{"start":{"line":287,"column":8},"end":{"line":289,"column":null}},"type":"binary-expr","locations":[{"start":{"line":287,"column":8},"end":{"line":287,"column":null}},{"start":{"line":288,"column":8},"end":{"line":288,"column":null}},{"start":{"line":289,"column":8},"end":{"line":289,"column":null}}],"line":287},"32":{"loc":{"start":{"line":307,"column":31},"end":{"line":307,"column":null}},"type":"binary-expr","locations":[{"start":{"line":307,"column":31},"end":{"line":307,"column":48}},{"start":{"line":307,"column":48},"end":{"line":307,"column":null}}],"line":307},"33":{"loc":{"start":{"line":311,"column":10},"end":{"line":311,"column":null}},"type":"cond-expr","locations":[{"start":{"line":311,"column":49},"end":{"line":311,"column":68}},{"start":{"line":311,"column":68},"end":{"line":311,"column":null}}],"line":311},"34":{"loc":{"start":{"line":318,"column":8},"end":{"line":320,"column":null}},"type":"binary-expr","locations":[{"start":{"line":318,"column":8},"end":{"line":318,"column":null}},{"start":{"line":319,"column":8},"end":{"line":319,"column":null}},{"start":{"line":320,"column":8},"end":{"line":320,"column":null}}],"line":318},"35":{"loc":{"start":{"line":326,"column":4},"end":{"line":327,"column":null}},"type":"if","locations":[{"start":{"line":326,"column":4},"end":{"line":327,"column":null}},{"start":{},"end":{}}],"line":326},"36":{"loc":{"start":{"line":332,"column":32},"end":{"line":332,"column":99}},"type":"binary-expr","locations":[{"start":{"line":332,"column":32},"end":{"line":332,"column":49}},{"start":{"line":332,"column":49},"end":{"line":332,"column":99}}],"line":332},"37":{"loc":{"start":{"line":335,"column":8},"end":{"line":335,"column":null}},"type":"cond-expr","locations":[{"start":{"line":335,"column":28},"end":{"line":335,"column":70}},{"start":{"line":335,"column":73},"end":{"line":335,"column":null}}],"line":335},"38":{"loc":{"start":{"line":346,"column":32},"end":{"line":346,"column":107}},"type":"binary-expr","locations":[{"start":{"line":346,"column":32},"end":{"line":346,"column":49}},{"start":{"line":346,"column":49},"end":{"line":346,"column":107}}],"line":346},"39":{"loc":{"start":{"line":350,"column":6},"end":{"line":351,"column":null}},"type":"if","locations":[{"start":{"line":350,"column":6},"end":{"line":351,"column":null}},{"start":{},"end":{}}],"line":350},"40":{"loc":{"start":{"line":367,"column":22},"end":{"line":367,"column":null}},"type":"binary-expr","locations":[{"start":{"line":367,"column":22},"end":{"line":367,"column":39}},{"start":{"line":367,"column":39},"end":{"line":367,"column":null}}],"line":367},"41":{"loc":{"start":{"line":373,"column":15},"end":{"line":373,"column":67}},"type":"binary-expr","locations":[{"start":{"line":373,"column":15},"end":{"line":373,"column":46}},{"start":{"line":373,"column":46},"end":{"line":373,"column":67}}],"line":373},"42":{"loc":{"start":{"line":386,"column":26},"end":{"line":386,"column":null}},"type":"binary-expr","locations":[{"start":{"line":386,"column":26},"end":{"line":386,"column":43}},{"start":{"line":386,"column":43},"end":{"line":386,"column":null}}],"line":386},"43":{"loc":{"start":{"line":387,"column":36},"end":{"line":387,"column":85}},"type":"cond-expr","locations":[{"start":{"line":387,"column":65},"end":{"line":387,"column":79}},{"start":{"line":387,"column":79},"end":{"line":387,"column":85}}],"line":387},"44":{"loc":{"start":{"line":390,"column":15},"end":{"line":390,"column":70}},"type":"binary-expr","locations":[{"start":{"line":390,"column":15},"end":{"line":390,"column":46}},{"start":{"line":390,"column":46},"end":{"line":390,"column":70}}],"line":390},"45":{"loc":{"start":{"line":395,"column":4},"end":{"line":396,"column":null}},"type":"if","locations":[{"start":{"line":395,"column":4},"end":{"line":396,"column":null}},{"start":{},"end":{}}],"line":395},"46":{"loc":{"start":{"line":413,"column":26},"end":{"line":413,"column":null}},"type":"binary-expr","locations":[{"start":{"line":413,"column":26},"end":{"line":413,"column":43}},{"start":{"line":413,"column":43},"end":{"line":413,"column":null}}],"line":413},"47":{"loc":{"start":{"line":414,"column":39},"end":{"line":414,"column":87}},"type":"cond-expr","locations":[{"start":{"line":414,"column":64},"end":{"line":414,"column":78}},{"start":{"line":414,"column":78},"end":{"line":414,"column":87}}],"line":414},"48":{"loc":{"start":{"line":453,"column":8},"end":{"line":459,"column":11}},"type":"binary-expr","locations":[{"start":{"line":454,"column":12},"end":{"line":454,"column":33}},{"start":{"line":454,"column":33},"end":{"line":454,"column":null}},{"start":{"line":455,"column":12},"end":{"line":459,"column":11}}],"line":453},"49":{"loc":{"start":{"line":467,"column":19},"end":{"line":467,"column":null}},"type":"binary-expr","locations":[{"start":{"line":467,"column":19},"end":{"line":467,"column":36}},{"start":{"line":467,"column":36},"end":{"line":467,"column":49}},{"start":{"line":467,"column":49},"end":{"line":467,"column":null}}],"line":467},"50":{"loc":{"start":{"line":492,"column":7},"end":{"line":497,"column":null}},"type":"binary-expr","locations":[{"start":{"line":492,"column":7},"end":{"line":492,"column":null}},{"start":{"line":493,"column":8},"end":{"line":497,"column":null}}],"line":492},"51":{"loc":{"start":{"line":501,"column":7},"end":{"line":856,"column":null}},"type":"cond-expr","locations":[{"start":{"line":502,"column":8},"end":{"line":712,"column":9}},{"start":{"line":712,"column":8},"end":{"line":856,"column":null}}],"line":501},"52":{"loc":{"start":{"line":513,"column":15},"end":{"line":513,"column":null}},"type":"cond-expr","locations":[{"start":{"line":513,"column":29},"end":{"line":513,"column":40}},{"start":{"line":513,"column":40},"end":{"line":513,"column":null}}],"line":513},"53":{"loc":{"start":{"line":517,"column":11},"end":{"line":561,"column":null}},"type":"binary-expr","locations":[{"start":{"line":517,"column":11},"end":{"line":517,"column":null}},{"start":{"line":518,"column":12},"end":{"line":561,"column":null}}],"line":517},"54":{"loc":{"start":{"line":565,"column":11},"end":{"line":565,"column":null}},"type":"binary-expr","locations":[{"start":{"line":565,"column":11},"end":{"line":565,"column":22}},{"start":{"line":565,"column":22},"end":{"line":565,"column":null}}],"line":565},"55":{"loc":{"start":{"line":567,"column":11},"end":{"line":568,"column":null}},"type":"binary-expr","locations":[{"start":{"line":567,"column":11},"end":{"line":567,"column":23}},{"start":{"line":567,"column":23},"end":{"line":567,"column":null}},{"start":{"line":568,"column":12},"end":{"line":568,"column":null}}],"line":567},"56":{"loc":{"start":{"line":574,"column":17},"end":{"line":664,"column":null}},"type":"cond-expr","locations":[{"start":{"line":575,"column":18},"end":{"line":628,"column":null}},{"start":{"line":628,"column":18},"end":{"line":664,"column":null}}],"line":574},"57":{"loc":{"start":{"line":578,"column":24},"end":{"line":578,"column":null}},"type":"cond-expr","locations":[{"start":{"line":578,"column":47},"end":{"line":578,"column":54}},{"start":{"line":578,"column":54},"end":{"line":578,"column":null}}],"line":578},"58":{"loc":{"start":{"line":579,"column":24},"end":{"line":579,"column":null}},"type":"cond-expr","locations":[{"start":{"line":579,"column":47},"end":{"line":579,"column":73}},{"start":{"line":579,"column":73},"end":{"line":579,"column":null}}],"line":579},"59":{"loc":{"start":{"line":676,"column":15},"end":{"line":676,"column":null}},"type":"cond-expr","locations":[{"start":{"line":676,"column":30},"end":{"line":676,"column":48}},{"start":{"line":676,"column":48},"end":{"line":676,"column":null}}],"line":676},"60":{"loc":{"start":{"line":679,"column":13},"end":{"line":707,"column":null}},"type":"binary-expr","locations":[{"start":{"line":679,"column":13},"end":{"line":679,"column":null}},{"start":{"line":680,"column":14},"end":{"line":707,"column":null}}],"line":679},"61":{"loc":{"start":{"line":681,"column":17},"end":{"line":704,"column":null}},"type":"cond-expr","locations":[{"start":{"line":682,"column":18},"end":{"line":684,"column":37}},{"start":{"line":684,"column":18},"end":{"line":704,"column":null}}],"line":681},"62":{"loc":{"start":{"line":733,"column":15},"end":{"line":733,"column":null}},"type":"cond-expr","locations":[{"start":{"line":733,"column":29},"end":{"line":733,"column":40}},{"start":{"line":733,"column":40},"end":{"line":733,"column":null}}],"line":733},"63":{"loc":{"start":{"line":737,"column":11},"end":{"line":757,"column":null}},"type":"binary-expr","locations":[{"start":{"line":737,"column":11},"end":{"line":737,"column":null}},{"start":{"line":738,"column":12},"end":{"line":757,"column":null}}],"line":737},"64":{"loc":{"start":{"line":761,"column":11},"end":{"line":761,"column":null}},"type":"binary-expr","locations":[{"start":{"line":761,"column":11},"end":{"line":761,"column":27}},{"start":{"line":761,"column":27},"end":{"line":761,"column":null}}],"line":761},"65":{"loc":{"start":{"line":763,"column":11},"end":{"line":764,"column":null}},"type":"binary-expr","locations":[{"start":{"line":763,"column":11},"end":{"line":763,"column":28}},{"start":{"line":763,"column":28},"end":{"line":763,"column":null}},{"start":{"line":764,"column":12},"end":{"line":764,"column":null}}],"line":763},"66":{"loc":{"start":{"line":767,"column":11},"end":{"line":856,"column":null}},"type":"binary-expr","locations":[{"start":{"line":767,"column":11},"end":{"line":767,"column":null}},{"start":{"line":768,"column":12},"end":{"line":856,"column":null}}],"line":767},"67":{"loc":{"start":{"line":782,"column":20},"end":{"line":783,"column":null}},"type":"if","locations":[{"start":{"line":782,"column":20},"end":{"line":783,"column":null}},{"start":{},"end":{}}],"line":782},"68":{"loc":{"start":{"line":782,"column":24},"end":{"line":782,"column":68}},"type":"binary-expr","locations":[{"start":{"line":782,"column":24},"end":{"line":782,"column":41}},{"start":{"line":782,"column":41},"end":{"line":782,"column":68}}],"line":782},"69":{"loc":{"start":{"line":788,"column":19},"end":{"line":851,"column":null}},"type":"cond-expr","locations":[{"start":{"line":789,"column":20},"end":{"line":814,"column":21}},{"start":{"line":814,"column":20},"end":{"line":851,"column":null}}],"line":788},"70":{"loc":{"start":{"line":826,"column":30},"end":{"line":826,"column":null}},"type":"cond-expr","locations":[{"start":{"line":826,"column":50},"end":{"line":826,"column":78}},{"start":{"line":826,"column":78},"end":{"line":826,"column":null}}],"line":826}},"s":{"0":2,"1":2,"2":2,"3":2,"4":2,"5":2,"6":2,"7":1,"8":2,"9":2,"10":11,"11":2,"12":9,"13":3,"14":6,"15":1,"16":5,"17":9,"18":9,"19":9,"20":9,"21":2,"22":9,"23":2,"24":9,"25":270,"26":4,"27":4,"28":5,"29":4,"30":7,"31":4,"32":2,"33":2,"34":2,"35":2,"36":4,"37":447,"38":447,"39":447,"40":447,"41":447,"42":447,"43":447,"44":447,"45":447,"46":447,"47":447,"48":447,"49":447,"50":447,"51":447,"52":447,"53":447,"54":447,"55":447,"56":447,"57":447,"58":447,"59":447,"60":447,"61":447,"62":447,"63":447,"64":447,"65":447,"66":447,"67":447,"68":67,"69":67,"70":67,"71":67,"72":67,"73":67,"74":65,"75":67,"76":2,"77":67,"78":67,"79":67,"80":65,"81":67,"82":3,"83":3,"84":67,"85":67,"86":67,"87":67,"88":67,"89":1,"90":26,"91":26,"92":26,"93":25,"94":26,"95":1,"96":1,"97":26,"98":2,"99":2,"100":2,"101":2,"102":6,"103":6,"104":6,"105":6,"106":6,"107":6,"108":25,"109":25,"110":25,"111":25,"112":25,"113":1,"114":1,"115":1,"116":1,"117":1,"118":1,"119":3,"120":3,"121":3,"122":2,"123":2,"124":2,"125":1,"126":1,"127":3,"128":2,"129":2,"130":2,"131":1,"132":1,"133":1,"134":1,"135":1,"136":1,"137":2,"138":5,"139":5,"140":5,"141":1,"142":1,"143":1,"144":4,"145":1,"146":3,"147":3,"148":3,"149":3,"150":3,"151":3,"152":2,"153":5,"154":1,"155":2,"156":2,"157":2,"158":2,"159":1,"160":2,"161":1,"162":3,"163":3,"164":3,"165":3,"166":3,"167":2,"168":3,"169":3,"170":3,"171":1,"172":1,"173":3,"174":5,"175":5,"176":5,"177":5,"178":4,"179":5,"180":4,"181":5,"182":1,"183":1,"184":5,"185":1,"186":4,"187":4,"188":3,"189":2,"190":5,"191":3,"192":5,"193":1,"194":4,"195":4,"196":3,"197":2,"198":4,"199":3,"200":4,"201":3,"202":1,"203":2,"204":2,"205":2,"206":2,"207":1,"208":2,"209":2,"210":2,"211":2,"212":1,"213":2,"214":5,"215":5,"216":5,"217":3,"218":5,"219":4,"220":5,"221":2,"222":5,"223":2,"224":3,"225":3,"226":2,"227":2,"228":1,"229":4,"230":4,"231":3,"232":4,"233":4,"234":1,"235":2,"236":2,"237":2,"238":4,"239":1,"240":1,"241":1,"242":7,"243":7,"244":7,"245":7,"246":7,"247":7,"248":1,"249":1,"250":1,"251":1,"252":447,"253":1,"254":7,"255":26,"256":3,"257":78,"258":16,"259":1,"260":1,"261":1,"262":1,"263":25,"264":7,"265":7,"266":5,"267":5,"268":6,"269":6,"270":4,"271":4,"272":4,"273":6,"274":6,"275":124,"276":4,"277":4,"278":4,"279":2,"280":4,"281":39,"282":5,"283":1,"284":4,"285":6,"286":6,"287":6,"288":6,"289":5,"290":2},"f":{"0":2,"1":11,"2":9,"3":270,"4":4,"5":5,"6":7,"7":4,"8":447,"9":67,"10":67,"11":67,"12":67,"13":26,"14":2,"15":6,"16":25,"17":1,"18":3,"19":2,"20":5,"21":2,"22":3,"23":5,"24":4,"25":5,"26":2,"27":3,"28":4,"29":2,"30":3,"31":2,"32":5,"33":4,"34":5,"35":2,"36":4,"37":4,"38":2,"39":4,"40":7,"41":1,"42":1,"43":7,"44":26,"45":3,"46":78,"47":16,"48":1,"49":1,"50":25,"51":7,"52":5,"53":6,"54":6,"55":4,"56":4,"57":6,"58":6,"59":124,"60":4,"61":4,"62":4,"63":39,"64":5,"65":1,"66":4,"67":6,"68":5},"b":{"0":[1,1],"1":[2,9],"2":[3,6],"3":[1,5],"4":[2,7],"5":[2,7],"6":[270],"7":[270,255,43],"8":[2,2],"9":[4,3,3],"10":[67,1],"11":[65,0],"12":[67,28],"13":[65,0,0],"14":[64,0],"15":[67,0,0],"16":[66,0],"17":[25,0,0],"18":[25,0],"19":[2,1],"20":[1,0],"21":[1,0],"22":[1,1],"23":[1,0],"24":[1,0],"25":[1,4],"26":[1,3],"27":[2,0],"28":[1,0],"29":[1,1],"30":[2,0],"31":[1,1,0],"32":[4,1],"33":[4,0],"34":[1,1,0],"35":[1,4],"36":[3,2],"37":[3,0],"38":[3,2],"39":[3,1],"40":[1,0],"41":[1,0],"42":[3,1],"43":[3,1],"44":[2,1],"45":[2,3],"46":[3,1],"47":[3,1],"48":[447,304,185],"49":[447,443,0],"50":[447,19],"51":[304,143],"52":[42,262],"53":[304,42],"54":[304,70],"55":[304,234,156],"56":[28,50],"57":[1,27],"58":[1,27],"59":[9,295],"60":[304,9],"61":[3,6],"62":[18,125],"63":[143,18],"64":[143,27],"65":[143,116,24],"66":[143,92],"67":[2,2],"68":[4,4],"69":[52,72],"70":[3,69]},"meta":{"lastBranch":71,"lastFunction":69,"lastStatement":291,"seen":{"s:5:12:7:2":0,"s:10:2:10:Infinity":1,"s:12:2:12:Infinity":2,"s:13:23:13:Infinity":3,"s:14:28:14:Infinity":4,"f:16:16:16:33":0,"s:17:16:17:52":5,"b:18:2:19:Infinity:undefined:undefined:undefined:undefined":0,"s:18:2:19:Infinity":6,"s:19:4:19:Infinity":7,"s:21:2:21:Infinity":8,"s:24:0:24:Infinity":9,"f:26:16:26:34":1,"b:27:2:28:Infinity:undefined:undefined:undefined:undefined":1,"s:27:2:28:Infinity":10,"s:28:4:28:Infinity":11,"b:31:2:32:Infinity:undefined:undefined:undefined:undefined":2,"s:31:2:32:Infinity":12,"s:32:4:32:Infinity":13,"b:35:2:36:Infinity:undefined:undefined:undefined:undefined":3,"s:35:2:36:Infinity":14,"s:36:4:36:Infinity":15,"s:39:2:39:Infinity":16,"f:42:16:42:39":2,"s:43:19:43:33":17,"s:44:2:44:Infinity":18,"s:45:2:45:Infinity":19,"b:47:2:48:Infinity:undefined:undefined:undefined:undefined":4,"s:47:2:48:Infinity":20,"s:48:4:48:Infinity":21,"b:51:2:52:Infinity:undefined:undefined:undefined:undefined":5,"s:51:2:52:Infinity":22,"s:52:4:52:Infinity":23,"s:55:2:55:Infinity":24,"f:58:16:58:37":3,"b:58:58:58:62":6,"s:59:2:59:Infinity":25,"b:59:9:59:20:59:20:59:44:59:44:59:Infinity":7,"f:62:16:62:25":4,"s:63:18:63:28":26,"s:64:23:64:73":27,"f:64:31:64:42":5,"s:64:51:64:73":28,"s:65:22:65:71":29,"f:65:30:65:41":6,"s:65:50:65:71":30,"b:67:2:68:Infinity:undefined:undefined:undefined:undefined":8,"s:67:2:68:Infinity":31,"b:67:6:67:29:67:29:67:51:67:51:67:81":9,"s:68:4:68:Infinity":32,"s:71:24:71:55":33,"s:72:2:72:Infinity":34,"s:74:2:74:Infinity":35,"f:74:17:74:22":7,"s:74:39:74:73":36,"f:77:24:77:34":8,"s:78:8:78:32":37,"s:79:16:79:40":38,"s:80:20:80:66":39,"s:81:24:81:56":40,"s:82:21:82:50":41,"s:83:29:83:66":42,"s:84:28:84:66":43,"s:85:16:85:40":44,"s:86:18:86:47":45,"s:87:23:87:57":46,"s:88:22:88:55":47,"s:89:22:89:55":48,"s:90:23:90:57":49,"s:91:22:91:52":50,"s:92:22:92:52":51,"s:93:23:93:56":52,"s:94:30:94:68":53,"s:95:23:95:54":54,"s:96:22:96:52":55,"s:97:22:97:54":56,"s:98:20:98:48":57,"s:99:19:99:46":58,"s:100:16:100:40":59,"s:101:27:101:64":60,"s:102:28:102:64":61,"s:103:28:103:64":62,"s:104:29:104:68":63,"s:105:36:105:80":64,"s:106:31:106:73":65,"s:107:24:107:58":66,"s:109:2:114:Infinity":67,"f:109:2:109:18":9,"s:110:4:110:Infinity":68,"b:110:13:110:42:110:46:110:53":10,"s:111:4:111:Infinity":69,"s:112:4:112:Infinity":70,"s:113:4:113:Infinity":71,"f:116:17:116:31":10,"s:117:4:122:Infinity":72,"s:118:18:118:46":73,"s:119:23:119:42":74,"b:119:23:119:40:119:40:119:42":11,"s:120:6:120:Infinity":75,"b:120:19:120:42:120:42:120:63":12,"s:122:6:122:Infinity":76,"f:126:17:126:34":11,"s:127:4:127:Infinity":77,"s:128:4:136:Infinity":78,"s:129:18:129:46":79,"s:130:19:130:Infinity":80,"b:130:19:130:36:130:36:130:56:130:56:130:Infinity":13,"s:131:6:131:Infinity":81,"b:131:42:131:49:131:49:131:51":14,"s:133:6:133:Infinity":82,"s:134:6:134:Infinity":83,"s:136:6:136:Infinity":84,"f:140:17:140:42":12,"s:141:4:146:Infinity":85,"s:142:18:142:55":86,"s:143:19:143:Infinity":87,"b:143:19:143:36:143:36:143:56:143:56:143:Infinity":15,"s:144:6:144:Infinity":88,"b:144:50:144:57:144:57:144:59":16,"s:146:6:146:Infinity":89,"f:150:17:150:27":13,"s:151:4:151:Infinity":90,"s:152:4:160:Infinity":91,"s:153:18:153:67":92,"s:154:19:154:Infinity":93,"b:154:19:154:36:154:36:154:56:154:56:154:Infinity":17,"s:155:6:155:Infinity":94,"b:155:37:155:44:155:44:155:46":18,"s:157:6:157:Infinity":95,"s:158:6:158:Infinity":96,"s:160:6:160:Infinity":97,"f:164:11:164:35":14,"s:165:4:165:Infinity":98,"s:166:4:166:Infinity":99,"s:167:4:167:Infinity":100,"s:168:4:168:Infinity":101,"f:171:11:171:39":15,"s:172:4:172:Infinity":102,"s:173:4:173:Infinity":103,"s:174:4:174:Infinity":104,"s:175:4:175:Infinity":105,"s:176:4:176:Infinity":106,"s:177:4:177:Infinity":107,"f:180:11:180:32":16,"s:181:4:181:Infinity":108,"s:182:4:182:Infinity":109,"s:183:4:183:Infinity":110,"s:184:4:184:Infinity":111,"s:185:4:185:Infinity":112,"f:188:11:188:35":17,"s:189:4:189:Infinity":113,"s:190:4:190:Infinity":114,"s:191:4:191:Infinity":115,"s:192:4:192:Infinity":116,"s:193:4:193:Infinity":117,"s:194:4:194:Infinity":118,"f:197:11:197:32":18,"s:198:17:198:Infinity":119,"s:199:28:199:51":120,"b:201:4:204:Infinity:undefined:undefined:undefined:undefined":19,"s:201:4:204:Infinity":121,"s:202:6:202:Infinity":122,"s:203:6:203:Infinity":123,"s:204:6:204:Infinity":124,"s:207:4:207:Infinity":125,"s:208:4:208:Infinity":126,"b:208:20:208:28:208:28:208:33":20,"s:209:4:209:Infinity":127,"b:209:34:209:59:209:62:209:65":21,"f:212:11:212:33":19,"s:213:17:213:Infinity":128,"s:214:28:214:51":129,"b:216:4:219:Infinity:undefined:undefined:undefined:undefined":22,"s:216:4:219:Infinity":130,"s:217:6:217:Infinity":131,"s:218:6:218:Infinity":132,"s:219:6:219:Infinity":133,"s:222:4:222:Infinity":134,"s:223:4:223:Infinity":135,"s:224:4:224:Infinity":136,"b:224:26:224:34:224:34:224:39":23,"s:225:4:225:Infinity":137,"b:225:40:225:65:225:68:225:71":24,"f:228:17:228:36":20,"s:229:17:229:Infinity":138,"s:230:28:230:51":139,"b:232:4:235:Infinity:undefined:undefined:undefined:undefined":25,"s:232:4:235:Infinity":140,"s:233:6:233:Infinity":141,"s:234:6:234:Infinity":142,"s:235:6:235:Infinity":143,"b:238:4:239:Infinity:undefined:undefined:undefined:undefined":26,"s:238:4:239:Infinity":144,"s:239:6:239:Infinity":145,"s:242:21:242:35":146,"s:243:4:243:Infinity":147,"s:245:4:252:Infinity":148,"s:246:22:246:47":149,"s:247:6:247:Infinity":150,"s:248:18:248:58":151,"s:249:6:249:Infinity":152,"b:249:19:249:47:249:47:249:68":27,"s:250:6:250:Infinity":153,"s:252:6:252:Infinity":154,"b:252:15:252:58:252:58:252:84":28,"f:256:17:256:38":21,"s:257:21:257:35":155,"s:258:4:258:Infinity":156,"s:260:4:265:Infinity":157,"s:261:18:261:58":158,"s:262:6:262:Infinity":159,"b:262:19:262:47:262:47:262:68":29,"s:263:6:263:Infinity":160,"s:265:6:265:Infinity":161,"f:269:17:269:31":22,"s:270:4:270:Infinity":162,"s:271:4:271:Infinity":163,"s:273:4:292:Infinity":164,"s:274:22:279:8":165,"s:280:18:280:56":166,"s:281:27:281:Infinity":167,"b:281:27:281:44:281:44:281:Infinity":30,"s:282:6:282:Infinity":168,"s:283:6:283:Infinity":169,"s:284:6:284:Infinity":170,"s:287:8:289:Infinity":171,"b:287:8:287:Infinity:288:8:288:Infinity:289:8:289:Infinity":31,"s:290:6:290:Infinity":172,"s:292:6:292:Infinity":173,"f:296:17:296:39":23,"s:297:4:297:Infinity":174,"s:299:4:321:Infinity":175,"s:300:22:305:8":176,"s:306:18:306:80":177,"s:307:31:307:Infinity":178,"b:307:31:307:48:307:48:307:Infinity":32,"s:309:6:313:Infinity":179,"f:310:19:310:24":24,"s:311:10:311:Infinity":180,"b:311:49:311:68:311:68:311:Infinity":33,"s:315:6:315:Infinity":181,"s:318:8:320:Infinity":182,"b:318:8:318:Infinity:319:8:319:Infinity:320:8:320:Infinity":34,"s:321:6:321:Infinity":183,"f:325:17:325:40":25,"b:326:4:327:Infinity:undefined:undefined:undefined:undefined":35,"s:326:4:327:Infinity":184,"s:327:6:327:Infinity":185,"s:330:4:339:Infinity":186,"s:331:18:331:64":187,"s:332:32:332:99":188,"b:332:32:332:49:332:49:332:99":36,"f:332:60:332:66":26,"s:332:75:332:99":189,"s:333:6:333:Infinity":190,"f:333:31:333:39":27,"s:333:53:333:82":191,"s:334:6:336:Infinity":192,"b:335:28:335:70:335:73:335:Infinity":37,"s:339:6:339:Infinity":193,"f:343:17:343:40":28,"s:344:4:354:Infinity":194,"s:345:18:345:70":195,"s:346:32:346:107":196,"b:346:32:346:49:346:49:346:107":38,"f:346:68:346:74":29,"s:346:83:346:107":197,"s:347:6:349:Infinity":198,"f:348:27:348:35":30,"s:348:49:348:78":199,"b:350:6:351:Infinity:undefined:undefined:undefined:undefined":39,"s:350:6:351:Infinity":200,"s:351:8:351:Infinity":201,"s:354:6:354:Infinity":202,"f:358:17:358:31":31,"s:359:4:359:Infinity":203,"s:360:4:360:Infinity":204,"s:362:4:375:Infinity":205,"s:363:18:366:8":206,"s:367:22:367:Infinity":207,"b:367:22:367:39:367:39:367:Infinity":40,"s:368:6:368:Infinity":208,"s:369:6:369:Infinity":209,"s:370:6:370:Infinity":210,"s:371:6:371:Infinity":211,"s:373:6:373:Infinity":212,"b:373:15:373:46:373:46:373:67":41,"s:375:6:375:Infinity":213,"f:379:17:379:34":32,"s:380:4:380:Infinity":214,"s:381:4:390:Infinity":215,"s:382:18:384:Infinity":216,"s:386:26:386:Infinity":217,"b:386:26:386:43:386:43:386:Infinity":42,"s:387:6:387:Infinity":218,"f:387:21:387:26":33,"s:387:36:387:85":219,"b:387:65:387:79:387:79:387:85":43,"s:388:6:388:Infinity":220,"s:390:6:390:Infinity":221,"b:390:15:390:46:390:46:390:70":44,"f:394:17:394:34":34,"b:395:4:396:Infinity:undefined:undefined:undefined:undefined":45,"s:395:4:396:Infinity":222,"s:396:6:396:Infinity":223,"s:399:4:403:Infinity":224,"s:400:6:400:Infinity":225,"s:401:6:401:Infinity":226,"f:401:21:401:29":35,"s:401:38:401:57":227,"s:403:6:403:Infinity":228,"f:407:17:407:34":36,"s:408:4:416:Infinity":229,"s:409:18:411:Infinity":230,"s:413:26:413:Infinity":231,"b:413:26:413:43:413:43:413:Infinity":46,"s:414:6:414:Infinity":232,"f:414:21:414:26":37,"s:414:39:414:87":233,"b:414:64:414:78:414:78:414:87":47,"s:416:6:416:Infinity":234,"f:420:17:420:36":38,"s:421:4:421:Infinity":235,"s:422:4:430:Infinity":236,"s:423:18:425:Infinity":237,"f:425:33:425:38":39,"s:425:47:425:55":238,"s:427:6:427:Infinity":239,"s:429:6:429:Infinity":240,"s:430:6:430:Infinity":241,"f:434:11:434:33":40,"s:435:4:435:Infinity":242,"s:436:4:436:Infinity":243,"s:437:4:437:Infinity":244,"s:438:4:438:Infinity":245,"s:439:4:439:Infinity":246,"s:440:4:440:Infinity":247,"f:443:11:443:26":41,"s:444:4:444:Infinity":248,"s:445:4:445:Infinity":249,"s:446:4:446:Infinity":250,"s:447:4:447:Infinity":251,"s:450:2:856:Infinity":252,"b:454:12:454:33:454:33:454:Infinity:455:12:459:11":48,"b:467:19:467:36:467:36:467:49:467:49:467:Infinity":49,"b:492:7:492:Infinity:493:8:497:Infinity":50,"f:495:18:495:33":42,"s:495:33:495:45":253,"b:502:8:712:9:712:8:856:Infinity":51,"f:510:14:510:29":43,"s:510:29:510:57":254,"b:513:29:513:40:513:40:513:Infinity":52,"b:517:11:517:Infinity:518:12:561:Infinity":53,"f:523:16:523:27":44,"s:523:37:523:71":255,"f:529:16:529:27":45,"s:529:37:529:71":256,"b:565:11:565:22:565:22:565:Infinity":54,"b:567:11:567:23:567:23:567:Infinity:568:12:568:Infinity":55,"f:572:24:572:29":46,"s:573:14:666:Infinity":257,"b:575:18:628:Infinity:628:18:664:Infinity":56,"b:578:47:578:54:578:54:578:Infinity":57,"b:579:47:579:73:579:73:579:Infinity":58,"f:586:22:586:33":47,"s:586:43:586:83":258,"f:592:22:592:33":48,"s:592:43:592:83":259,"f:610:24:610:39":49,"s:611:26:611:Infinity":260,"s:612:26:612:Infinity":261,"s:613:26:613:Infinity":262,"f:631:22:631:37":50,"s:631:37:631:63":263,"f:646:24:646:34":51,"s:647:26:647:Infinity":264,"s:648:26:648:Infinity":265,"f:655:24:655:34":52,"s:656:26:656:Infinity":266,"s:657:26:657:Infinity":267,"f:673:14:673:29":53,"s:673:29:673:59":268,"b:676:30:676:48:676:48:676:Infinity":59,"b:679:13:679:Infinity:680:14:707:Infinity":60,"b:682:18:684:37:684:18:704:Infinity":61,"f:684:37:684:42":54,"s:685:20:704:Infinity":269,"f:700:24:700:39":55,"s:700:39:700:70":270,"f:727:14:727:29":56,"s:728:16:728:Infinity":271,"s:729:16:729:Infinity":272,"b:733:29:733:40:733:40:733:Infinity":62,"b:737:11:737:Infinity:738:12:757:Infinity":63,"f:743:16:743:27":57,"s:743:37:743:72":273,"f:751:16:751:27":58,"s:751:37:751:71":274,"b:761:11:761:27:761:27:761:Infinity":64,"b:763:11:763:28:763:28:763:Infinity:764:12:764:Infinity":65,"b:767:11:767:Infinity:768:12:856:Infinity":66,"f:775:21:775:26":59,"s:776:16:855:Infinity":275,"f:779:18:779:37":60,"s:779:37:779:62":276,"f:780:18:780:31":61,"s:780:41:780:63":277,"f:781:18:781:32":62,"b:782:20:783:Infinity:undefined:undefined:undefined:undefined":67,"s:782:20:783:Infinity":278,"b:782:24:782:41:782:41:782:68":68,"s:783:22:783:Infinity":279,"s:785:20:785:Infinity":280,"b:789:20:814:21:814:20:851:Infinity":69,"f:792:24:792:35":63,"s:792:45:792:77":281,"f:798:24:798:35":64,"s:798:45:798:76":282,"f:807:24:807:39":65,"s:807:39:807:59":283,"f:820:26:820:42":66,"s:820:42:820:Infinity":284,"b:826:50:826:78:826:78:826:Infinity":70,"f:836:26:836:41":67,"s:837:28:837:Infinity":285,"s:838:28:838:Infinity":286,"s:839:28:839:Infinity":287,"s:840:28:840:Infinity":288,"f:847:26:847:41":68,"s:847:41:847:66":289,"s:865:15:1358:Infinity":290}}}
,"C:\\Users\\Lawrence\\Desktop\\Checklist\\Front-end\\src\\components\\Login.jsx": {"path":"C:\\Users\\Lawrence\\Desktop\\Checklist\\Front-end\\src\\components\\Login.jsx","statementMap":{"0":{"start":{"line":6,"column":8},"end":{"line":6,"column":32}},"1":{"start":{"line":7,"column":18},"end":{"line":7,"column":47}},"2":{"start":{"line":10,"column":19},"end":{"line":10,"column":null}},"3":{"start":{"line":11,"column":21},"end":{"line":11,"column":null}},"4":{"start":{"line":12,"column":24},"end":{"line":12,"column":76}},"5":{"start":{"line":15,"column":4},"end":{"line":15,"column":null}},"6":{"start":{"line":18,"column":2},"end":{"line":59,"column":null}},"7":{"start":{"line":63,"column":15},"end":{"line":142,"column":null}}},"fnMap":{"0":{"name":"Login","decl":{"start":{"line":5,"column":24},"end":{"line":5,"column":30}},"loc":{"start":{"line":5,"column":43},"end":{"line":59,"column":null}},"line":5},"1":{"name":"handleGoogleLogin","decl":{"start":{"line":9,"column":11},"end":{"line":9,"column":31}},"loc":{"start":{"line":9,"column":31},"end":{"line":15,"column":null}},"line":9}},"branchMap":{},"s":{"0":2,"1":2,"2":1,"3":1,"4":1,"5":1,"6":2,"7":1},"f":{"0":2,"1":1},"b":{},"meta":{"lastBranch":0,"lastFunction":2,"lastStatement":8,"seen":{"f:5:24:5:30":0,"s:6:8:6:32":0,"s:7:18:7:47":1,"f:9:11:9:31":1,"s:10:19:10:Infinity":2,"s:11:21:11:Infinity":3,"s:12:24:12:76":4,"s:15:4:15:Infinity":5,"s:18:2:59:Infinity":6,"s:63:15:142:Infinity":7}}}
,"C:\\Users\\Lawrence\\Desktop\\Checklist\\Front-end\\src\\services\\api.js": {"path":"C:\\Users\\Lawrence\\Desktop\\Checklist\\Front-end\\src\\services\\api.js","statementMap":{"0":{"start":{"line":3,"column":17},"end":{"line":3,"column":49}},"1":{"start":{"line":5,"column":12},"end":{"line":10,"column":2}},"2":{"start":{"line":12,"column":24},"end":{"line":17,"column":1}},"3":{"start":{"line":13,"column":2},"end":{"line":16,"column":5}}},"fnMap":{"0":{"name":"(anonymous_0)","decl":{"start":{"line":12,"column":24},"end":{"line":12,"column":25}},"loc":{"start":{"line":12,"column":40},"end":{"line":17,"column":1}},"line":12}},"branchMap":{},"s":{"0":1,"1":1,"2":1,"3":1},"f":{"0":1},"b":{},"meta":{"lastBranch":0,"lastFunction":1,"lastStatement":4,"seen":{"s:3:17:3:49":0,"s:5:12:10:2":1,"s:12:24:17:1":2,"f:12:24:12:25":0,"s:13:2:16:5":3}}}
}
