{"total": {"lines":{"total":547,"covered":500,"skipped":0,"pct":91.4},"statements":{"total":559,"covered":510,"skipped":0,"pct":91.23},"functions":{"total":156,"covered":151,"skipped":0,"pct":96.79},"branches":{"total":303,"covered":248,"skipped":0,"pct":81.84},"branchesTrue":{"total":0,"covered":0,"skipped":0,"pct":100}}
,"C:\\Users\\Lawrence\\Desktop\\Checklist\\Front-end\\src\\App.jsx": {"lines":{"total":20,"covered":20,"skipped":0,"pct":100},"functions":{"total":6,"covered":6,"skipped":0,"pct":100},"statements":{"total":20,"covered":20,"skipped":0,"pct":100},"branches":{"total":8,"covered":8,"skipped":0,"pct":100}}
,"C:\\Users\\Lawrence\\Desktop\\Checklist\\Front-end\\src\\components\\Callback.jsx": {"lines":{"total":29,"covered":29,"skipped":0,"pct":100},"functions":{"total":5,"covered":5,"skipped":0,"pct":100},"statements":{"total":32,"covered":32,"skipped":0,"pct":100},"branches":{"total":10,"covered":10,"skipped":0,"pct":100}}
,"C:\\Users\\Lawrence\\Desktop\\Checklist\\Front-end\\src\\components\\Dashboard.jsx": {"lines":{"total":486,"covered":439,"skipped":0,"pct":90.32},"functions":{"total":142,"covered":137,"skipped":0,"pct":96.47},"statements":{"total":495,"covered":446,"skipped":0,"pct":90.1},"branches":{"total":285,"covered":230,"skipped":0,"pct":80.7}}
,"C:\\Users\\Lawrence\\Desktop\\Checklist\\Front-end\\src\\components\\Login.jsx": {"lines":{"total":8,"covered":8,"skipped":0,"pct":100},"functions":{"total":2,"covered":2,"skipped":0,"pct":100},"statements":{"total":8,"covered":8,"skipped":0,"pct":100},"branches":{"total":0,"covered":0,"skipped":0,"pct":100}}
,"C:\\Users\\Lawrence\\Desktop\\Checklist\\Front-end\\src\\services\\api.js": {"lines":{"total":4,"covered":4,"skipped":0,"pct":100},"functions":{"total":1,"covered":1,"skipped":0,"pct":100},"statements":{"total":4,"covered":4,"skipped":0,"pct":100},"branches":{"total":0,"covered":0,"skipped":0,"pct":100}}
}
